[1231/160027.647:ERROR:process_memory_win.cc(73)] ReadMemory at 0x7ff789460000 of 64 bytes failed: Only part of a ReadProcessMemory or WriteProcessMemory request was completed. (0x12B)
[1231/160027.648:WARNING:pe_image_reader.cc(340)] could not read dos header from C:\Program Files (x86)\Google\Chrome\Application\chrome.exe
[1231/160027.648:ERROR:process_memory_win.cc(73)] ReadMemory at 0x7ffc5d620000 of 64 bytes failed: Only part of a ReadProcessMemory or WriteProcessMemory request was completed. (0x12B)
[1231/160027.648:WARNING:pe_image_reader.cc(340)] could not read dos header from C:\WINDOWS\SYSTEM32\ntdll.dll
[1231/160027.648:ERROR:process_memory_win.cc(73)] ReadMemory at 0x7ffc5bae0000 of 64 bytes failed: Only part of a ReadProcessMemory or WriteProcessMemory request was completed. (0x12B)
[1231/160027.649:WARNING:pe_image_reader.cc(340)] could not read dos header from C:\WINDOWS\System32\KERNEL32.DLL
[1231/160027.649:ERROR:process_memory_win.cc(73)] ReadMemory at 0x7ffc5a630000 of 64 bytes failed: Only part of a ReadProcessMemory or WriteProcessMemory request was completed. (0x12B)
[1231/160027.649:WARNING:pe_image_reader.cc(340)] could not read dos header from C:\WINDOWS\System32\KERNELBASE.dll
[1231/160027.649:ERROR:process_memory_win.cc(73)] ReadMemory at 0x7ffc57fe0000 of 64 bytes failed: Only part of a ReadProcessMemory or WriteProcessMemory request was completed. (0x12B)
[1231/160027.649:WARNING:pe_image_reader.cc(340)] could not read dos header from C:\WINDOWS\SYSTEM32\apphelp.dll
[1231/160027.649:ERROR:process_memory_win.cc(73)] ReadMemory at 0x7ffc0d710000 of 64 bytes failed: Only part of a ReadProcessMemory or WriteProcessMemory request was completed. (0x12B)
[1231/160027.649:WARNING:pe_image_reader.cc(340)] could not read dos header from C:\Program Files (x86)\Google\Chrome\Application\79.0.3945.88\chrome_elf.dll
[1231/160027.649:ERROR:process_memory_win.cc(73)] ReadMemory at 0x7ffc52bc0000 of 64 bytes failed: Only part of a ReadProcessMemory or WriteProcessMemory request was completed. (0x12B)
[1231/160027.649:WARNING:pe_image_reader.cc(340)] could not read dos header from C:\WINDOWS\SYSTEM32\VERSION.dll
[1231/160027.649:ERROR:process_memory_win.cc(73)] ReadMemory at 0x2d13e790000 of 64 bytes failed: Only part of a ReadProcessMemory or WriteProcessMemory request was completed. (0x12B)
[1231/160027.649:WARNING:pe_image_reader.cc(340)] could not read dos header from C:\WINDOWS\System32\msvcrt.dll
[1231/160027.649:ERROR:process_memory_win.cc(73)] ReadMemory at 0x7ffc5a5b0000 of 64 bytes failed: Only part of a ReadProcessMemory or WriteProcessMemory request was completed. (0x12B)
[1231/160027.649:WARNING:pe_image_reader.cc(340)] could not read dos header from C:\WINDOWS\System32\bcryptPrimitives.dll
[1231/160027.649:ERROR:process_memory_win.cc(73)] ReadMemory at 0x7ffc5bda0000 of 64 bytes failed: Only part of a ReadProcessMemory or WriteProcessMemory request was completed. (0x12B)
[1231/160027.649:WARNING:pe_image_reader.cc(340)] could not read dos header from C:\WINDOWS\System32\ADVAPI32.dll
[1231/160027.649:ERROR:process_memory_win.cc(73)] ReadMemory at 0x7ffc5b870000 of 64 bytes failed: Only part of a ReadProcessMemory or WriteProcessMemory request was completed. (0x12B)
[1231/160027.649:WARNING:pe_image_reader.cc(340)] could not read dos header from C:\WINDOWS\System32\sechost.dll
[1231/160027.649:ERROR:process_memory_win.cc(73)] ReadMemory at 0x7ffc5b9c0000 of 64 bytes failed: Only part of a ReadProcessMemory or WriteProcessMemory request was completed. (0x12B)
[1231/160027.649:WARNING:pe_image_reader.cc(340)] could not read dos header from C:\WINDOWS\System32\RPCRT4.dll
[1231/160027.649:ERROR:process_memory_win.cc(73)] ReadMemory at 0x7ffbf6ea0000 of 64 bytes failed: Only part of a ReadProcessMemory or WriteProcessMemory request was completed. (0x12B)
[1231/160027.649:WARNING:pe_image_reader.cc(340)] could not read dos header from C:\Program Files (x86)\Google\Chrome\Application\79.0.3945.88\chrome_child.dll
[1231/160027.649:ERROR:process_memory_win.cc(73)] ReadMemory at 0x7ffc5c810000 of 64 bytes failed: Only part of a ReadProcessMemory or WriteProcessMemory request was completed. (0x12B)
[1231/160027.649:WARNING:pe_image_reader.cc(340)] could not read dos header from C:\WINDOWS\System32\OLEAUT32.dll
[1231/160027.649:ERROR:process_memory_win.cc(73)] ReadMemory at 0x7ffc5b390000 of 64 bytes failed: Only part of a ReadProcessMemory or WriteProcessMemory request was completed. (0x12B)
[1231/160027.649:WARNING:pe_image_reader.cc(340)] could not read dos header from C:\WINDOWS\System32\msvcp_win.dll
[1231/160027.649:ERROR:process_memory_win.cc(73)] ReadMemory at 0x7ffc5b290000 of 64 bytes failed: Only part of a ReadProcessMemory or WriteProcessMemory request was completed. (0x12B)
[1231/160027.649:WARNING:pe_image_reader.cc(340)] could not read dos header from C:\WINDOWS\System32\ucrtbase.dll
[1231/160027.649:ERROR:process_memory_win.cc(73)] ReadMemory at 0x7ffc5d190000 of 64 bytes failed: Only part of a ReadProcessMemory or WriteProcessMemory request was completed. (0x12B)
[1231/160027.649:WARNING:pe_image_reader.cc(340)] could not read dos header from C:\WINDOWS\System32\combase.dll
[1231/160027.650:ERROR:process_memory_win.cc(73)] ReadMemory at 0x7ffc5cd60000 of 64 bytes failed: Only part of a ReadProcessMemory or WriteProcessMemory request was completed. (0x12B)
[1231/160027.650:WARNING:pe_image_reader.cc(340)] could not read dos header from C:\WINDOWS\System32\WS2_32.dll
[1231/160027.650:ERROR:process_memory_win.cc(73)] ReadMemory at 0x7ffc5b430000 of 64 bytes failed: Only part of a ReadProcessMemory or WriteProcessMemory request was completed. (0x12B)
[1231/160027.650:WARNING:pe_image_reader.cc(340)] could not read dos header from C:\WINDOWS\System32\WINTRUST.dll
[1231/160027.650:ERROR:process_memory_win.cc(73)] ReadMemory at 0x7ffc5a520000 of 64 bytes failed: Only part of a ReadProcessMemory or WriteProcessMemory request was completed. (0x12B)
[1231/160027.650:WARNING:pe_image_reader.cc(340)] could not read dos header from C:\WINDOWS\System32\MSASN1.dll
[1231/160027.650:ERROR:process_memory_win.cc(73)] ReadMemory at 0x7ffc5b140000 of 64 bytes failed: Only part of a ReadProcessMemory or WriteProcessMemory request was completed. (0x12B)
[1231/160027.650:WARNING:pe_image_reader.cc(340)] could not read dos header from C:\WINDOWS\System32\CRYPT32.dll
[1231/160027.650:ERROR:process_memory_win.cc(73)] ReadMemory at 0x7ffc59a70000 of 64 bytes failed: Only part of a ReadProcessMemory or WriteProcessMemory request was completed. (0x12B)
[1231/160027.650:WARNING:pe_image_reader.cc(340)] could not read dos header from C:\WINDOWS\SYSTEM32\IPHLPAPI.DLL
[1231/160027.650:ERROR:process_memory_win.cc(73)] ReadMemory at 0x7ffc56a30000 of 64 bytes failed: Only part of a ReadProcessMemory or WriteProcessMemory request was completed. (0x12B)
[1231/160027.650:WARNING:pe_image_reader.cc(340)] could not read dos header from C:\WINDOWS\SYSTEM32\WINMM.dll
[1231/160027.650:ERROR:process_memory_win.cc(73)] ReadMemory at 0x7ffc5a410000 of 64 bytes failed: Only part of a ReadProcessMemory or WriteProcessMemory request was completed. (0x12B)
[1231/160027.650:WARNING:pe_image_reader.cc(340)] could not read dos header from C:\WINDOWS\SYSTEM32\USERENV.dll
[1231/160027.650:ERROR:process_memory_win.cc(73)] ReadMemory at 0x7ffc5a540000 of 64 bytes failed: Only part of a ReadProcessMemory or WriteProcessMemory request was completed. (0x12B)
[1231/160027.650:WARNING:pe_image_reader.cc(340)] could not read dos header from C:\WINDOWS\System32\profapi.dll
[1231/160027.650:ERROR:process_memory_win.cc(73)] ReadMemory at 0x7ffc39840000 of 64 bytes failed: Only part of a ReadProcessMemory or WriteProcessMemory request was completed. (0x12B)
[1231/160027.650:WARNING:pe_image_reader.cc(340)] could not read dos header from C:\WINDOWS\SYSTEM32\DWrite.dll
[1231/160027.650:ERROR:process_memory_win.cc(73)] ReadMemory at 0x7ffc4bff0000 of 64 bytes failed: Only part of a ReadProcessMemory or WriteProcessMemory request was completed. (0x12B)
[1231/160027.650:WARNING:pe_image_reader.cc(340)] could not read dos header from C:\WINDOWS\SYSTEM32\WINSPOOL.DRV
[1231/160027.650:ERROR:process_memory_win.cc(73)] ReadMemory at 0x7ffc5a500000 of 64 bytes failed: Only part of a ReadProcessMemory or WriteProcessMemory request was completed. (0x12B)
[1231/160027.650:WARNING:pe_image_reader.cc(340)] could not read dos header from C:\WINDOWS\System32\kernel.appcore.dll
[1231/160027.650:ERROR:process_memory_win.cc(73)] ReadMemory at 0x7ffc5b060000 of 64 bytes failed: Only part of a ReadProcessMemory or WriteProcessMemory request was completed. (0x12B)
[1231/160027.650:WARNING:pe_image_reader.cc(340)] could not read dos header from C:\WINDOWS\System32\bcrypt.dll
[1231/160027.650:ERROR:process_memory_win.cc(73)] ReadMemory at 0x7ffc58d80000 of 64 bytes failed: Only part of a ReadProcessMemory or WriteProcessMemory request was completed. (0x12B)
[1231/160027.650:WARNING:pe_image_reader.cc(340)] could not read dos header from C:\WINDOWS\SYSTEM32\dbghelp.dll
[1231/160027.650:ERROR:process_memory_win.cc(73)] ReadMemory at 0x7ffc42d80000 of 64 bytes failed: Only part of a ReadProcessMemory or WriteProcessMemory request was completed. (0x12B)
[1231/160027.650:WARNING:pe_image_reader.cc(340)] could not read dos header from C:\WINDOWS\SYSTEM32\Secur32.dll
[1231/160027.650:ERROR:process_memory_win.cc(73)] ReadMemory at 0x7ffc4d020000 of 64 bytes failed: Only part of a ReadProcessMemory or WriteProcessMemory request was completed. (0x12B)
[1231/160027.650:WARNING:pe_image_reader.cc(340)] could not read dos header from C:\WINDOWS\SYSTEM32\WINHTTP.dll
[1231/160027.650:ERROR:process_memory_win.cc(73)] ReadMemory at 0x7ffc51650000 of 64 bytes failed: Only part of a ReadProcessMemory or WriteProcessMemory request was completed. (0x12B)
[1231/160027.650:WARNING:pe_image_reader.cc(340)] could not read dos header from C:\WINDOWS\SYSTEM32\dhcpcsvc.DLL
[1231/160027.650:ERROR:process_memory_win.cc(73)] ReadMemory at 0x7ffc5d180000 of 64 bytes failed: Only part of a ReadProcessMemory or WriteProcessMemory request was completed. (0x12B)
[1231/160027.650:WARNING:pe_image_reader.cc(340)] could not read dos header from C:\WINDOWS\System32\NSI.dll
[1231/160027.651:ERROR:process_memory_win.cc(73)] ReadMemory at 0x7ffc56a00000 of 64 bytes failed: Only part of a ReadProcessMemory or WriteProcessMemory request was completed. (0x12B)
[1231/160027.651:WARNING:pe_image_reader.cc(340)] could not read dos header from C:\WINDOWS\SYSTEM32\WINMMBASE.dll
[1231/160027.651:ERROR:process_memory_win.cc(73)] ReadMemory at 0x7ffc5b680000 of 64 bytes failed: Only part of a ReadProcessMemory or WriteProcessMemory request was completed. (0x12B)
[1231/160027.651:WARNING:pe_image_reader.cc(340)] could not read dos header from C:\WINDOWS\System32\cfgmgr32.dll
[1231/160027.651:ERROR:process_memory_win.cc(73)] ReadMemory at 0x7ffc58670000 of 64 bytes failed: Only part of a ReadProcessMemory or WriteProcessMemory request was completed. (0x12B)
[1231/160027.651:WARNING:pe_image_reader.cc(340)] could not read dos header from C:\WINDOWS\SYSTEM32\PROPSYS.dll
[1231/160027.651:ERROR:process_memory_win.cc(73)] ReadMemory at 0x7ffc5c070000 of 64 bytes failed: Only part of a ReadProcessMemory or WriteProcessMemory request was completed. (0x12B)
[1231/160027.651:WARNING:pe_image_reader.cc(340)] could not read dos header from C:\WINDOWS\System32\shcore.dll
[1231/160027.651:ERROR:process_memory_win.cc(73)] ReadMemory at 0x7ffc5a3e0000 of 64 bytes failed: Only part of a ReadProcessMemory or WriteProcessMemory request was completed. (0x12B)
[1231/160027.651:WARNING:pe_image_reader.cc(340)] could not read dos header from C:\WINDOWS\SYSTEM32\SSPICLI.DLL
[1231/160027.651:ERROR:process_memory_win.cc(73)] ReadMemory at 0x7ffc59f30000 of 64 bytes failed: Only part of a ReadProcessMemory or WriteProcessMemory request was completed. (0x12B)
[1231/160027.651:WARNING:pe_image_reader.cc(340)] could not read dos header from C:\WINDOWS\SYSTEM32\CRYPTBASE.DLL
[1231/160027.652:ERROR:process_memory_win.cc(73)] ReadMemory at 0x7ff789460000 of 64 bytes failed: Only part of a ReadProcessMemory or WriteProcessMemory request was completed. (0x12B)
[1231/160027.652:WARNING:pe_image_reader.cc(340)] could not read dos header from C:\Program Files (x86)\Google\Chrome\Application\chrome.exe
[1231/160027.652:ERROR:process_memory_win.cc(73)] ReadMemory at 0x7ff789460000 of 64 bytes failed: Only part of a ReadProcessMemory or WriteProcessMemory request was completed. (0x12B)
[1231/160027.652:WARNING:pe_image_reader.cc(340)] could not read dos header from C:\Program Files (x86)\Google\Chrome\Application\chrome.exe
[1231/160027.653:ERROR:process_memory_win.cc(73)] ReadMemory at 0x7ffc5d620000 of 64 bytes failed: Only part of a ReadProcessMemory or WriteProcessMemory request was completed. (0x12B)
[1231/160027.653:WARNING:pe_image_reader.cc(340)] could not read dos header from C:\WINDOWS\SYSTEM32\ntdll.dll
[1231/160027.653:ERROR:process_memory_win.cc(73)] ReadMemory at 0x7ffc5d620000 of 64 bytes failed: Only part of a ReadProcessMemory or WriteProcessMemory request was completed. (0x12B)
[1231/160027.653:WARNING:pe_image_reader.cc(340)] could not read dos header from C:\WINDOWS\SYSTEM32\ntdll.dll
[1231/160027.653:ERROR:process_memory_win.cc(73)] ReadMemory at 0x7ffc5bae0000 of 64 bytes failed: Only part of a ReadProcessMemory or WriteProcessMemory request was completed. (0x12B)
[1231/160027.653:WARNING:pe_image_reader.cc(340)] could not read dos header from C:\WINDOWS\System32\KERNEL32.DLL
[1231/160027.653:ERROR:process_memory_win.cc(73)] ReadMemory at 0x7ffc5bae0000 of 64 bytes failed: Only part of a ReadProcessMemory or WriteProcessMemory request was completed. (0x12B)
[1231/160027.653:WARNING:pe_image_reader.cc(340)] could not read dos header from C:\WINDOWS\System32\KERNEL32.DLL
[1231/160027.653:ERROR:process_memory_win.cc(73)] ReadMemory at 0x7ffc5a630000 of 64 bytes failed: Only part of a ReadProcessMemory or WriteProcessMemory request was completed. (0x12B)
[1231/160027.653:WARNING:pe_image_reader.cc(340)] could not read dos header from C:\WINDOWS\System32\KERNELBASE.dll
[1231/160027.653:ERROR:process_memory_win.cc(73)] ReadMemory at 0x7ffc5a630000 of 64 bytes failed: Only part of a ReadProcessMemory or WriteProcessMemory request was completed. (0x12B)
[1231/160027.653:WARNING:pe_image_reader.cc(340)] could not read dos header from C:\WINDOWS\System32\KERNELBASE.dll
[1231/160027.653:ERROR:process_memory_win.cc(73)] ReadMemory at 0x7ffc57fe0000 of 64 bytes failed: Only part of a ReadProcessMemory or WriteProcessMemory request was completed. (0x12B)
[1231/160027.654:WARNING:pe_image_reader.cc(340)] could not read dos header from C:\WINDOWS\SYSTEM32\apphelp.dll
[1231/160027.654:ERROR:process_memory_win.cc(73)] ReadMemory at 0x7ffc57fe0000 of 64 bytes failed: Only part of a ReadProcessMemory or WriteProcessMemory request was completed. (0x12B)
[1231/160027.654:WARNING:pe_image_reader.cc(340)] could not read dos header from C:\WINDOWS\SYSTEM32\apphelp.dll
[1231/160027.654:ERROR:process_memory_win.cc(73)] ReadMemory at 0x7ffc0d710000 of 64 bytes failed: Only part of a ReadProcessMemory or WriteProcessMemory request was completed. (0x12B)
[1231/160027.654:WARNING:pe_image_reader.cc(340)] could not read dos header from C:\Program Files (x86)\Google\Chrome\Application\79.0.3945.88\chrome_elf.dll
[1231/160027.654:ERROR:process_memory_win.cc(73)] ReadMemory at 0x7ffc0d710000 of 64 bytes failed: Only part of a ReadProcessMemory or WriteProcessMemory request was completed. (0x12B)
[1231/160027.654:WARNING:pe_image_reader.cc(340)] could not read dos header from C:\Program Files (x86)\Google\Chrome\Application\79.0.3945.88\chrome_elf.dll
[1231/160027.654:ERROR:process_memory_win.cc(73)] ReadMemory at 0x7ffc52bc0000 of 64 bytes failed: Only part of a ReadProcessMemory or WriteProcessMemory request was completed. (0x12B)
[1231/160027.654:WARNING:pe_image_reader.cc(340)] could not read dos header from C:\WINDOWS\SYSTEM32\VERSION.dll
[1231/160027.654:ERROR:process_memory_win.cc(73)] ReadMemory at 0x7ffc52bc0000 of 64 bytes failed: Only part of a ReadProcessMemory or WriteProcessMemory request was completed. (0x12B)
[1231/160027.654:WARNING:pe_image_reader.cc(340)] could not read dos header from C:\WINDOWS\SYSTEM32\VERSION.dll
[1231/160027.654:ERROR:process_memory_win.cc(73)] ReadMemory at 0x2d13e790000 of 64 bytes failed: Only part of a ReadProcessMemory or WriteProcessMemory request was completed. (0x12B)
[1231/160027.654:WARNING:pe_image_reader.cc(340)] could not read dos header from C:\WINDOWS\System32\msvcrt.dll
[1231/160027.654:ERROR:process_memory_win.cc(73)] ReadMemory at 0x2d13e790000 of 64 bytes failed: Only part of a ReadProcessMemory or WriteProcessMemory request was completed. (0x12B)
[1231/160027.654:WARNING:pe_image_reader.cc(340)] could not read dos header from C:\WINDOWS\System32\msvcrt.dll
[1231/160027.654:ERROR:process_memory_win.cc(73)] ReadMemory at 0x7ffc5a5b0000 of 64 bytes failed: Only part of a ReadProcessMemory or WriteProcessMemory request was completed. (0x12B)
[1231/160027.654:WARNING:pe_image_reader.cc(340)] could not read dos header from C:\WINDOWS\System32\bcryptPrimitives.dll
[1231/160027.654:ERROR:process_memory_win.cc(73)] ReadMemory at 0x7ffc5a5b0000 of 64 bytes failed: Only part of a ReadProcessMemory or WriteProcessMemory request was completed. (0x12B)
[1231/160027.654:WARNING:pe_image_reader.cc(340)] could not read dos header from C:\WINDOWS\System32\bcryptPrimitives.dll
[1231/160027.654:ERROR:process_memory_win.cc(73)] ReadMemory at 0x7ffc5bda0000 of 64 bytes failed: Only part of a ReadProcessMemory or WriteProcessMemory request was completed. (0x12B)
[1231/160027.655:WARNING:pe_image_reader.cc(340)] could not read dos header from C:\WINDOWS\System32\ADVAPI32.dll
[1231/160027.655:ERROR:process_memory_win.cc(73)] ReadMemory at 0x7ffc5bda0000 of 64 bytes failed: Only part of a ReadProcessMemory or WriteProcessMemory request was completed. (0x12B)
[1231/160027.655:WARNING:pe_image_reader.cc(340)] could not read dos header from C:\WINDOWS\System32\ADVAPI32.dll
[1231/160027.655:ERROR:process_memory_win.cc(73)] ReadMemory at 0x7ffc5b870000 of 64 bytes failed: Only part of a ReadProcessMemory or WriteProcessMemory request was completed. (0x12B)
[1231/160027.655:WARNING:pe_image_reader.cc(340)] could not read dos header from C:\WINDOWS\System32\sechost.dll
[1231/160027.655:ERROR:process_memory_win.cc(73)] ReadMemory at 0x7ffc5b870000 of 64 bytes failed: Only part of a ReadProcessMemory or WriteProcessMemory request was completed. (0x12B)
[1231/160027.655:WARNING:pe_image_reader.cc(340)] could not read dos header from C:\WINDOWS\System32\sechost.dll
[1231/160027.655:ERROR:process_memory_win.cc(73)] ReadMemory at 0x7ffc5b9c0000 of 64 bytes failed: Only part of a ReadProcessMemory or WriteProcessMemory request was completed. (0x12B)
[1231/160027.655:WARNING:pe_image_reader.cc(340)] could not read dos header from C:\WINDOWS\System32\RPCRT4.dll
[1231/160027.655:ERROR:process_memory_win.cc(73)] ReadMemory at 0x7ffc5b9c0000 of 64 bytes failed: Only part of a ReadProcessMemory or WriteProcessMemory request was completed. (0x12B)
[1231/160027.655:WARNING:pe_image_reader.cc(340)] could not read dos header from C:\WINDOWS\System32\RPCRT4.dll
[1231/160027.655:ERROR:process_memory_win.cc(73)] ReadMemory at 0x7ffbf6ea0000 of 64 bytes failed: Only part of a ReadProcessMemory or WriteProcessMemory request was completed. (0x12B)
[1231/160027.655:WARNING:pe_image_reader.cc(340)] could not read dos header from C:\Program Files (x86)\Google\Chrome\Application\79.0.3945.88\chrome_child.dll
[1231/160027.655:ERROR:process_memory_win.cc(73)] ReadMemory at 0x7ffbf6ea0000 of 64 bytes failed: Only part of a ReadProcessMemory or WriteProcessMemory request was completed. (0x12B)
[1231/160027.655:WARNING:pe_image_reader.cc(340)] could not read dos header from C:\Program Files (x86)\Google\Chrome\Application\79.0.3945.88\chrome_child.dll
[1231/160027.655:ERROR:process_memory_win.cc(73)] ReadMemory at 0x7ffc5c810000 of 64 bytes failed: Only part of a ReadProcessMemory or WriteProcessMemory request was completed. (0x12B)
[1231/160027.655:WARNING:pe_image_reader.cc(340)] could not read dos header from C:\WINDOWS\System32\OLEAUT32.dll
[1231/160027.655:ERROR:process_memory_win.cc(73)] ReadMemory at 0x7ffc5c810000 of 64 bytes failed: Only part of a ReadProcessMemory or WriteProcessMemory request was completed. (0x12B)
[1231/160027.655:WARNING:pe_image_reader.cc(340)] could not read dos header from C:\WINDOWS\System32\OLEAUT32.dll
[1231/160027.655:ERROR:process_memory_win.cc(73)] ReadMemory at 0x7ffc5b390000 of 64 bytes failed: Only part of a ReadProcessMemory or WriteProcessMemory request was completed. (0x12B)
[1231/160027.655:WARNING:pe_image_reader.cc(340)] could not read dos header from C:\WINDOWS\System32\msvcp_win.dll
[1231/160027.655:ERROR:process_memory_win.cc(73)] ReadMemory at 0x7ffc5b390000 of 64 bytes failed: Only part of a ReadProcessMemory or WriteProcessMemory request was completed. (0x12B)
[1231/160027.655:WARNING:pe_image_reader.cc(340)] could not read dos header from C:\WINDOWS\System32\msvcp_win.dll
[1231/160027.655:ERROR:process_memory_win.cc(73)] ReadMemory at 0x7ffc5b290000 of 64 bytes failed: Only part of a ReadProcessMemory or WriteProcessMemory request was completed. (0x12B)
[1231/160027.655:WARNING:pe_image_reader.cc(340)] could not read dos header from C:\WINDOWS\System32\ucrtbase.dll
[1231/160027.655:ERROR:process_memory_win.cc(73)] ReadMemory at 0x7ffc5b290000 of 64 bytes failed: Only part of a ReadProcessMemory or WriteProcessMemory request was completed. (0x12B)
[1231/160027.655:WARNING:pe_image_reader.cc(340)] could not read dos header from C:\WINDOWS\System32\ucrtbase.dll
[1231/160027.655:ERROR:process_memory_win.cc(73)] ReadMemory at 0x7ffc5d190000 of 64 bytes failed: Only part of a ReadProcessMemory or WriteProcessMemory request was completed. (0x12B)
[1231/160027.655:WARNING:pe_image_reader.cc(340)] could not read dos header from C:\WINDOWS\System32\combase.dll
[1231/160027.655:ERROR:process_memory_win.cc(73)] ReadMemory at 0x7ffc5d190000 of 64 bytes failed: Only part of a ReadProcessMemory or WriteProcessMemory request was completed. (0x12B)
[1231/160027.655:WARNING:pe_image_reader.cc(340)] could not read dos header from C:\WINDOWS\System32\combase.dll
[1231/160027.655:ERROR:process_memory_win.cc(73)] ReadMemory at 0x7ffc5cd60000 of 64 bytes failed: Only part of a ReadProcessMemory or WriteProcessMemory request was completed. (0x12B)
[1231/160027.655:WARNING:pe_image_reader.cc(340)] could not read dos header from C:\WINDOWS\System32\WS2_32.dll
[1231/160027.655:ERROR:process_memory_win.cc(73)] ReadMemory at 0x7ffc5cd60000 of 64 bytes failed: Only part of a ReadProcessMemory or WriteProcessMemory request was completed. (0x12B)
[1231/160027.655:WARNING:pe_image_reader.cc(340)] could not read dos header from C:\WINDOWS\System32\WS2_32.dll
[1231/160027.655:ERROR:process_memory_win.cc(73)] ReadMemory at 0x7ffc5b430000 of 64 bytes failed: Only part of a ReadProcessMemory or WriteProcessMemory request was completed. (0x12B)
[1231/160027.655:WARNING:pe_image_reader.cc(340)] could not read dos header from C:\WINDOWS\System32\WINTRUST.dll
[1231/160027.655:ERROR:process_memory_win.cc(73)] ReadMemory at 0x7ffc5b430000 of 64 bytes failed: Only part of a ReadProcessMemory or WriteProcessMemory request was completed. (0x12B)
[1231/160027.655:WARNING:pe_image_reader.cc(340)] could not read dos header from C:\WINDOWS\System32\WINTRUST.dll
[1231/160027.655:ERROR:process_memory_win.cc(73)] ReadMemory at 0x7ffc5a520000 of 64 bytes failed: Only part of a ReadProcessMemory or WriteProcessMemory request was completed. (0x12B)
[1231/160027.655:WARNING:pe_image_reader.cc(340)] could not read dos header from C:\WINDOWS\System32\MSASN1.dll
[1231/160027.655:ERROR:process_memory_win.cc(73)] ReadMemory at 0x7ffc5a520000 of 64 bytes failed: Only part of a ReadProcessMemory or WriteProcessMemory request was completed. (0x12B)
[1231/160027.655:WARNING:pe_image_reader.cc(340)] could not read dos header from C:\WINDOWS\System32\MSASN1.dll
[1231/160027.655:ERROR:process_memory_win.cc(73)] ReadMemory at 0x7ffc5b140000 of 64 bytes failed: Only part of a ReadProcessMemory or WriteProcessMemory request was completed. (0x12B)
[1231/160027.656:WARNING:pe_image_reader.cc(340)] could not read dos header from C:\WINDOWS\System32\CRYPT32.dll
[1231/160027.656:ERROR:process_memory_win.cc(73)] ReadMemory at 0x7ffc5b140000 of 64 bytes failed: Only part of a ReadProcessMemory or WriteProcessMemory request was completed. (0x12B)
[1231/160027.656:WARNING:pe_image_reader.cc(340)] could not read dos header from C:\WINDOWS\System32\CRYPT32.dll
[1231/160027.656:ERROR:process_memory_win.cc(73)] ReadMemory at 0x7ffc59a70000 of 64 bytes failed: Only part of a ReadProcessMemory or WriteProcessMemory request was completed. (0x12B)
[1231/160027.656:WARNING:pe_image_reader.cc(340)] could not read dos header from C:\WINDOWS\SYSTEM32\IPHLPAPI.DLL
[1231/160027.656:ERROR:process_memory_win.cc(73)] ReadMemory at 0x7ffc59a70000 of 64 bytes failed: Only part of a ReadProcessMemory or WriteProcessMemory request was completed. (0x12B)
[1231/160027.656:WARNING:pe_image_reader.cc(340)] could not read dos header from C:\WINDOWS\SYSTEM32\IPHLPAPI.DLL
[1231/160027.656:ERROR:process_memory_win.cc(73)] ReadMemory at 0x7ffc56a30000 of 64 bytes failed: Only part of a ReadProcessMemory or WriteProcessMemory request was completed. (0x12B)
[1231/160027.656:WARNING:pe_image_reader.cc(340)] could not read dos header from C:\WINDOWS\SYSTEM32\WINMM.dll
[1231/160027.656:ERROR:process_memory_win.cc(73)] ReadMemory at 0x7ffc56a30000 of 64 bytes failed: Only part of a ReadProcessMemory or WriteProcessMemory request was completed. (0x12B)
[1231/160027.656:WARNING:pe_image_reader.cc(340)] could not read dos header from C:\WINDOWS\SYSTEM32\WINMM.dll
[1231/160027.656:ERROR:process_memory_win.cc(73)] ReadMemory at 0x7ffc5a410000 of 64 bytes failed: Only part of a ReadProcessMemory or WriteProcessMemory request was completed. (0x12B)
[1231/160027.656:WARNING:pe_image_reader.cc(340)] could not read dos header from C:\WINDOWS\SYSTEM32\USERENV.dll
[1231/160027.656:ERROR:process_memory_win.cc(73)] ReadMemory at 0x7ffc5a410000 of 64 bytes failed: Only part of a ReadProcessMemory or WriteProcessMemory request was completed. (0x12B)
[1231/160027.656:WARNING:pe_image_reader.cc(340)] could not read dos header from C:\WINDOWS\SYSTEM32\USERENV.dll
[1231/160027.656:ERROR:process_memory_win.cc(73)] ReadMemory at 0x7ffc5a540000 of 64 bytes failed: Only part of a ReadProcessMemory or WriteProcessMemory request was completed. (0x12B)
[1231/160027.656:WARNING:pe_image_reader.cc(340)] could not read dos header from C:\WINDOWS\System32\profapi.dll
[1231/160027.656:ERROR:process_memory_win.cc(73)] ReadMemory at 0x7ffc5a540000 of 64 bytes failed: Only part of a ReadProcessMemory or WriteProcessMemory request was completed. (0x12B)
[1231/160027.656:WARNING:pe_image_reader.cc(340)] could not read dos header from C:\WINDOWS\System32\profapi.dll
[1231/160027.656:ERROR:process_memory_win.cc(73)] ReadMemory at 0x7ffc39840000 of 64 bytes failed: Only part of a ReadProcessMemory or WriteProcessMemory request was completed. (0x12B)
[1231/160027.656:WARNING:pe_image_reader.cc(340)] could not read dos header from C:\WINDOWS\SYSTEM32\DWrite.dll
[1231/160027.656:ERROR:process_memory_win.cc(73)] ReadMemory at 0x7ffc39840000 of 64 bytes failed: Only part of a ReadProcessMemory or WriteProcessMemory request was completed. (0x12B)
[1231/160027.656:WARNING:pe_image_reader.cc(340)] could not read dos header from C:\WINDOWS\SYSTEM32\DWrite.dll
[1231/160027.656:ERROR:process_memory_win.cc(73)] ReadMemory at 0x7ffc4bff0000 of 64 bytes failed: Only part of a ReadProcessMemory or WriteProcessMemory request was completed. (0x12B)
[1231/160027.656:WARNING:pe_image_reader.cc(340)] could not read dos header from C:\WINDOWS\SYSTEM32\WINSPOOL.DRV
[1231/160027.656:ERROR:process_memory_win.cc(73)] ReadMemory at 0x7ffc4bff0000 of 64 bytes failed: Only part of a ReadProcessMemory or WriteProcessMemory request was completed. (0x12B)
[1231/160027.656:WARNING:pe_image_reader.cc(340)] could not read dos header from C:\WINDOWS\SYSTEM32\WINSPOOL.DRV
[1231/160027.656:ERROR:process_memory_win.cc(73)] ReadMemory at 0x7ffc5a500000 of 64 bytes failed: Only part of a ReadProcessMemory or WriteProcessMemory request was completed. (0x12B)
[1231/160027.656:WARNING:pe_image_reader.cc(340)] could not read dos header from C:\WINDOWS\System32\kernel.appcore.dll
[1231/160027.656:ERROR:process_memory_win.cc(73)] ReadMemory at 0x7ffc5a500000 of 64 bytes failed: Only part of a ReadProcessMemory or WriteProcessMemory request was completed. (0x12B)
[1231/160027.656:WARNING:pe_image_reader.cc(340)] could not read dos header from C:\WINDOWS\System32\kernel.appcore.dll
[1231/160027.656:ERROR:process_memory_win.cc(73)] ReadMemory at 0x7ffc5b060000 of 64 bytes failed: Only part of a ReadProcessMemory or WriteProcessMemory request was completed. (0x12B)
[1231/160027.656:WARNING:pe_image_reader.cc(340)] could not read dos header from C:\WINDOWS\System32\bcrypt.dll
[1231/160027.656:ERROR:process_memory_win.cc(73)] ReadMemory at 0x7ffc5b060000 of 64 bytes failed: Only part of a ReadProcessMemory or WriteProcessMemory request was completed. (0x12B)
[1231/160027.656:WARNING:pe_image_reader.cc(340)] could not read dos header from C:\WINDOWS\System32\bcrypt.dll
[1231/160027.656:ERROR:process_memory_win.cc(73)] ReadMemory at 0x7ffc58d80000 of 64 bytes failed: Only part of a ReadProcessMemory or WriteProcessMemory request was completed. (0x12B)
[1231/160027.656:WARNING:pe_image_reader.cc(340)] could not read dos header from C:\WINDOWS\SYSTEM32\dbghelp.dll
[1231/160027.656:ERROR:process_memory_win.cc(73)] ReadMemory at 0x7ffc58d80000 of 64 bytes failed: Only part of a ReadProcessMemory or WriteProcessMemory request was completed. (0x12B)
[1231/160027.656:WARNING:pe_image_reader.cc(340)] could not read dos header from C:\WINDOWS\SYSTEM32\dbghelp.dll
[1231/160027.656:ERROR:process_memory_win.cc(73)] ReadMemory at 0x7ffc42d80000 of 64 bytes failed: Only part of a ReadProcessMemory or WriteProcessMemory request was completed. (0x12B)
[1231/160027.656:WARNING:pe_image_reader.cc(340)] could not read dos header from C:\WINDOWS\SYSTEM32\Secur32.dll
[1231/160027.656:ERROR:process_memory_win.cc(73)] ReadMemory at 0x7ffc42d80000 of 64 bytes failed: Only part of a ReadProcessMemory or WriteProcessMemory request was completed. (0x12B)
[1231/160027.656:WARNING:pe_image_reader.cc(340)] could not read dos header from C:\WINDOWS\SYSTEM32\Secur32.dll
[1231/160027.656:ERROR:process_memory_win.cc(73)] ReadMemory at 0x7ffc4d020000 of 64 bytes failed: Only part of a ReadProcessMemory or WriteProcessMemory request was completed. (0x12B)
[1231/160027.657:WARNING:pe_image_reader.cc(340)] could not read dos header from C:\WINDOWS\SYSTEM32\WINHTTP.dll
[1231/160027.657:ERROR:process_memory_win.cc(73)] ReadMemory at 0x7ffc4d020000 of 64 bytes failed: Only part of a ReadProcessMemory or WriteProcessMemory request was completed. (0x12B)
[1231/160027.657:WARNING:pe_image_reader.cc(340)] could not read dos header from C:\WINDOWS\SYSTEM32\WINHTTP.dll
[1231/160027.657:ERROR:process_memory_win.cc(73)] ReadMemory at 0x7ffc51650000 of 64 bytes failed: Only part of a ReadProcessMemory or WriteProcessMemory request was completed. (0x12B)
[1231/160027.657:WARNING:pe_image_reader.cc(340)] could not read dos header from C:\WINDOWS\SYSTEM32\dhcpcsvc.DLL
[1231/160027.657:ERROR:process_memory_win.cc(73)] ReadMemory at 0x7ffc51650000 of 64 bytes failed: Only part of a ReadProcessMemory or WriteProcessMemory request was completed. (0x12B)
[1231/160027.657:WARNING:pe_image_reader.cc(340)] could not read dos header from C:\WINDOWS\SYSTEM32\dhcpcsvc.DLL
[1231/160027.657:ERROR:process_memory_win.cc(73)] ReadMemory at 0x7ffc5d180000 of 64 bytes failed: Only part of a ReadProcessMemory or WriteProcessMemory request was completed. (0x12B)
[1231/160027.657:WARNING:pe_image_reader.cc(340)] could not read dos header from C:\WINDOWS\System32\NSI.dll
[1231/160027.657:ERROR:process_memory_win.cc(73)] ReadMemory at 0x7ffc5d180000 of 64 bytes failed: Only part of a ReadProcessMemory or WriteProcessMemory request was completed. (0x12B)
[1231/160027.657:WARNING:pe_image_reader.cc(340)] could not read dos header from C:\WINDOWS\System32\NSI.dll
[1231/160027.657:ERROR:process_memory_win.cc(73)] ReadMemory at 0x7ffc56a00000 of 64 bytes failed: Only part of a ReadProcessMemory or WriteProcessMemory request was completed. (0x12B)
[1231/160027.657:WARNING:pe_image_reader.cc(340)] could not read dos header from C:\WINDOWS\SYSTEM32\WINMMBASE.dll
[1231/160027.657:ERROR:process_memory_win.cc(73)] ReadMemory at 0x7ffc56a00000 of 64 bytes failed: Only part of a ReadProcessMemory or WriteProcessMemory request was completed. (0x12B)
[1231/160027.657:WARNING:pe_image_reader.cc(340)] could not read dos header from C:\WINDOWS\SYSTEM32\WINMMBASE.dll
[1231/160027.657:ERROR:process_memory_win.cc(73)] ReadMemory at 0x7ffc5b680000 of 64 bytes failed: Only part of a ReadProcessMemory or WriteProcessMemory request was completed. (0x12B)
[1231/160027.657:WARNING:pe_image_reader.cc(340)] could not read dos header from C:\WINDOWS\System32\cfgmgr32.dll
[1231/160027.657:ERROR:process_memory_win.cc(73)] ReadMemory at 0x7ffc5b680000 of 64 bytes failed: Only part of a ReadProcessMemory or WriteProcessMemory request was completed. (0x12B)
[1231/160027.657:WARNING:pe_image_reader.cc(340)] could not read dos header from C:\WINDOWS\System32\cfgmgr32.dll
[1231/160027.657:ERROR:process_memory_win.cc(73)] ReadMemory at 0x7ffc58670000 of 64 bytes failed: Only part of a ReadProcessMemory or WriteProcessMemory request was completed. (0x12B)
[1231/160027.657:WARNING:pe_image_reader.cc(340)] could not read dos header from C:\WINDOWS\SYSTEM32\PROPSYS.dll
[1231/160027.657:ERROR:process_memory_win.cc(73)] ReadMemory at 0x7ffc58670000 of 64 bytes failed: Only part of a ReadProcessMemory or WriteProcessMemory request was completed. (0x12B)
[1231/160027.657:WARNING:pe_image_reader.cc(340)] could not read dos header from C:\WINDOWS\SYSTEM32\PROPSYS.dll
[1231/160027.657:ERROR:process_memory_win.cc(73)] ReadMemory at 0x7ffc5c070000 of 64 bytes failed: Only part of a ReadProcessMemory or WriteProcessMemory request was completed. (0x12B)
[1231/160027.657:WARNING:pe_image_reader.cc(340)] could not read dos header from C:\WINDOWS\System32\shcore.dll
[1231/160027.657:ERROR:process_memory_win.cc(73)] ReadMemory at 0x7ffc5c070000 of 64 bytes failed: Only part of a ReadProcessMemory or WriteProcessMemory request was completed. (0x12B)
[1231/160027.657:WARNING:pe_image_reader.cc(340)] could not read dos header from C:\WINDOWS\System32\shcore.dll
[1231/160027.657:ERROR:process_memory_win.cc(73)] ReadMemory at 0x7ffc5a3e0000 of 64 bytes failed: Only part of a ReadProcessMemory or WriteProcessMemory request was completed. (0x12B)
[1231/160027.657:WARNING:pe_image_reader.cc(340)] could not read dos header from C:\WINDOWS\SYSTEM32\SSPICLI.DLL
[1231/160027.657:ERROR:process_memory_win.cc(73)] ReadMemory at 0x7ffc5a3e0000 of 64 bytes failed: Only part of a ReadProcessMemory or WriteProcessMemory request was completed. (0x12B)
[1231/160027.657:WARNING:pe_image_reader.cc(340)] could not read dos header from C:\WINDOWS\SYSTEM32\SSPICLI.DLL
[1231/160027.657:ERROR:process_memory_win.cc(73)] ReadMemory at 0x7ffc59f30000 of 64 bytes failed: Only part of a ReadProcessMemory or WriteProcessMemory request was completed. (0x12B)
[1231/160027.657:WARNING:pe_image_reader.cc(340)] could not read dos header from C:\WINDOWS\SYSTEM32\CRYPTBASE.DLL
[1231/160027.658:ERROR:process_memory_win.cc(73)] ReadMemory at 0x7ffc59f30000 of 64 bytes failed: Only part of a ReadProcessMemory or WriteProcessMemory request was completed. (0x12B)
[1231/160027.658:WARNING:pe_image_reader.cc(340)] could not read dos header from C:\WINDOWS\SYSTEM32\CRYPTBASE.DLL
[1231/160027.721:ERROR:process_memory_win.cc(73)] ReadMemory at 0x7ff789460000 of 64 bytes failed: Only part of a ReadProcessMemory or WriteProcessMemory request was completed. (0x12B)
[1231/160027.721:WARNING:pe_image_reader.cc(340)] could not read dos header from C:\Program Files (x86)\Google\Chrome\Application\chrome.exe
[1231/160027.721:ERROR:process_memory_win.cc(73)] ReadMemory at 0x7ffc5d620000 of 64 bytes failed: Only part of a ReadProcessMemory or WriteProcessMemory request was completed. (0x12B)
[1231/160027.721:WARNING:pe_image_reader.cc(340)] could not read dos header from C:\WINDOWS\SYSTEM32\ntdll.dll
[1231/160027.721:ERROR:process_memory_win.cc(73)] ReadMemory at 0x7ffc5bae0000 of 64 bytes failed: Only part of a ReadProcessMemory or WriteProcessMemory request was completed. (0x12B)
[1231/160027.721:WARNING:pe_image_reader.cc(340)] could not read dos header from C:\WINDOWS\System32\KERNEL32.DLL
[1231/160027.721:ERROR:process_memory_win.cc(73)] ReadMemory at 0x7ffc5a630000 of 64 bytes failed: Only part of a ReadProcessMemory or WriteProcessMemory request was completed. (0x12B)
[1231/160027.721:WARNING:pe_image_reader.cc(340)] could not read dos header from C:\WINDOWS\System32\KERNELBASE.dll
[1231/160027.721:ERROR:process_memory_win.cc(73)] ReadMemory at 0x7ffc57fe0000 of 64 bytes failed: Only part of a ReadProcessMemory or WriteProcessMemory request was completed. (0x12B)
[1231/160027.721:WARNING:pe_image_reader.cc(340)] could not read dos header from C:\WINDOWS\SYSTEM32\apphelp.dll
[1231/160027.721:ERROR:process_memory_win.cc(73)] ReadMemory at 0x7ffc0d710000 of 64 bytes failed: Only part of a ReadProcessMemory or WriteProcessMemory request was completed. (0x12B)
[1231/160027.721:WARNING:pe_image_reader.cc(340)] could not read dos header from C:\Program Files (x86)\Google\Chrome\Application\79.0.3945.88\chrome_elf.dll
[1231/160027.722:ERROR:process_memory_win.cc(73)] ReadMemory at 0x7ffc52bc0000 of 64 bytes failed: Only part of a ReadProcessMemory or WriteProcessMemory request was completed. (0x12B)
[1231/160027.722:WARNING:pe_image_reader.cc(340)] could not read dos header from C:\WINDOWS\SYSTEM32\VERSION.dll
[1231/160027.722:ERROR:process_memory_win.cc(73)] ReadMemory at 0x2d13e790000 of 64 bytes failed: Only part of a ReadProcessMemory or WriteProcessMemory request was completed. (0x12B)
[1231/160027.722:WARNING:pe_image_reader.cc(340)] could not read dos header from C:\WINDOWS\System32\msvcrt.dll
[1231/160027.722:ERROR:process_memory_win.cc(73)] ReadMemory at 0x7ffc5a5b0000 of 64 bytes failed: Only part of a ReadProcessMemory or WriteProcessMemory request was completed. (0x12B)
[1231/160027.722:WARNING:pe_image_reader.cc(340)] could not read dos header from C:\WINDOWS\System32\bcryptPrimitives.dll
[1231/160027.722:ERROR:process_memory_win.cc(73)] ReadMemory at 0x7ffc5bda0000 of 64 bytes failed: Only part of a ReadProcessMemory or WriteProcessMemory request was completed. (0x12B)
[1231/160027.722:WARNING:pe_image_reader.cc(340)] could not read dos header from C:\WINDOWS\System32\ADVAPI32.dll
[1231/160027.722:ERROR:process_memory_win.cc(73)] ReadMemory at 0x7ffc5b870000 of 64 bytes failed: Only part of a ReadProcessMemory or WriteProcessMemory request was completed. (0x12B)
[1231/160027.722:WARNING:pe_image_reader.cc(340)] could not read dos header from C:\WINDOWS\System32\sechost.dll
[1231/160027.722:ERROR:process_memory_win.cc(73)] ReadMemory at 0x7ffc5b9c0000 of 64 bytes failed: Only part of a ReadProcessMemory or WriteProcessMemory request was completed. (0x12B)
[1231/160027.722:WARNING:pe_image_reader.cc(340)] could not read dos header from C:\WINDOWS\System32\RPCRT4.dll
[1231/160027.722:ERROR:process_memory_win.cc(73)] ReadMemory at 0x7ffbf6ea0000 of 64 bytes failed: Only part of a ReadProcessMemory or WriteProcessMemory request was completed. (0x12B)
[1231/160027.722:WARNING:pe_image_reader.cc(340)] could not read dos header from C:\Program Files (x86)\Google\Chrome\Application\79.0.3945.88\chrome_child.dll
[1231/160027.722:ERROR:process_memory_win.cc(73)] ReadMemory at 0x7ffc5c810000 of 64 bytes failed: Only part of a ReadProcessMemory or WriteProcessMemory request was completed. (0x12B)
[1231/160027.722:WARNING:pe_image_reader.cc(340)] could not read dos header from C:\WINDOWS\System32\OLEAUT32.dll
[1231/160027.722:ERROR:process_memory_win.cc(73)] ReadMemory at 0x7ffc5b390000 of 64 bytes failed: Only part of a ReadProcessMemory or WriteProcessMemory request was completed. (0x12B)
[1231/160027.722:WARNING:pe_image_reader.cc(340)] could not read dos header from C:\WINDOWS\System32\msvcp_win.dll
[1231/160027.722:ERROR:process_memory_win.cc(73)] ReadMemory at 0x7ffc5b290000 of 64 bytes failed: Only part of a ReadProcessMemory or WriteProcessMemory request was completed. (0x12B)
[1231/160027.722:WARNING:pe_image_reader.cc(340)] could not read dos header from C:\WINDOWS\System32\ucrtbase.dll
[1231/160027.722:ERROR:process_memory_win.cc(73)] ReadMemory at 0x7ffc5d190000 of 64 bytes failed: Only part of a ReadProcessMemory or WriteProcessMemory request was completed. (0x12B)
[1231/160027.722:WARNING:pe_image_reader.cc(340)] could not read dos header from C:\WINDOWS\System32\combase.dll
[1231/160027.722:ERROR:process_memory_win.cc(73)] ReadMemory at 0x7ffc5cd60000 of 64 bytes failed: Only part of a ReadProcessMemory or WriteProcessMemory request was completed. (0x12B)
[1231/160027.722:WARNING:pe_image_reader.cc(340)] could not read dos header from C:\WINDOWS\System32\WS2_32.dll
[1231/160027.722:ERROR:process_memory_win.cc(73)] ReadMemory at 0x7ffc5b430000 of 64 bytes failed: Only part of a ReadProcessMemory or WriteProcessMemory request was completed. (0x12B)
[1231/160027.722:WARNING:pe_image_reader.cc(340)] could not read dos header from C:\WINDOWS\System32\WINTRUST.dll
[1231/160027.722:ERROR:process_memory_win.cc(73)] ReadMemory at 0x7ffc5a520000 of 64 bytes failed: Only part of a ReadProcessMemory or WriteProcessMemory request was completed. (0x12B)
[1231/160027.722:WARNING:pe_image_reader.cc(340)] could not read dos header from C:\WINDOWS\System32\MSASN1.dll
[1231/160027.722:ERROR:process_memory_win.cc(73)] ReadMemory at 0x7ffc5b140000 of 64 bytes failed: Only part of a ReadProcessMemory or WriteProcessMemory request was completed. (0x12B)
[1231/160027.722:WARNING:pe_image_reader.cc(340)] could not read dos header from C:\WINDOWS\System32\CRYPT32.dll
[1231/160027.722:ERROR:process_memory_win.cc(73)] ReadMemory at 0x7ffc59a70000 of 64 bytes failed: Only part of a ReadProcessMemory or WriteProcessMemory request was completed. (0x12B)
[1231/160027.722:WARNING:pe_image_reader.cc(340)] could not read dos header from C:\WINDOWS\SYSTEM32\IPHLPAPI.DLL
[1231/160027.722:ERROR:process_memory_win.cc(73)] ReadMemory at 0x7ffc56a30000 of 64 bytes failed: Only part of a ReadProcessMemory or WriteProcessMemory request was completed. (0x12B)
[1231/160027.722:WARNING:pe_image_reader.cc(340)] could not read dos header from C:\WINDOWS\SYSTEM32\WINMM.dll
[1231/160027.722:ERROR:process_memory_win.cc(73)] ReadMemory at 0x7ffc5a410000 of 64 bytes failed: Only part of a ReadProcessMemory or WriteProcessMemory request was completed. (0x12B)
[1231/160027.722:WARNING:pe_image_reader.cc(340)] could not read dos header from C:\WINDOWS\SYSTEM32\USERENV.dll
[1231/160027.722:ERROR:process_memory_win.cc(73)] ReadMemory at 0x7ffc5a540000 of 64 bytes failed: Only part of a ReadProcessMemory or WriteProcessMemory request was completed. (0x12B)
[1231/160027.722:WARNING:pe_image_reader.cc(340)] could not read dos header from C:\WINDOWS\System32\profapi.dll
[1231/160027.722:ERROR:process_memory_win.cc(73)] ReadMemory at 0x7ffc39840000 of 64 bytes failed: Only part of a ReadProcessMemory or WriteProcessMemory request was completed. (0x12B)
[1231/160027.722:WARNING:pe_image_reader.cc(340)] could not read dos header from C:\WINDOWS\SYSTEM32\DWrite.dll
[1231/160027.722:ERROR:process_memory_win.cc(73)] ReadMemory at 0x7ffc4bff0000 of 64 bytes failed: Only part of a ReadProcessMemory or WriteProcessMemory request was completed. (0x12B)
[1231/160027.723:WARNING:pe_image_reader.cc(340)] could not read dos header from C:\WINDOWS\SYSTEM32\WINSPOOL.DRV
[1231/160027.723:ERROR:process_memory_win.cc(73)] ReadMemory at 0x7ffc5a500000 of 64 bytes failed: Only part of a ReadProcessMemory or WriteProcessMemory request was completed. (0x12B)
[1231/160027.723:WARNING:pe_image_reader.cc(340)] could not read dos header from C:\WINDOWS\System32\kernel.appcore.dll
[1231/160027.723:ERROR:process_memory_win.cc(73)] ReadMemory at 0x7ffc5b060000 of 64 bytes failed: Only part of a ReadProcessMemory or WriteProcessMemory request was completed. (0x12B)
[1231/160027.723:WARNING:pe_image_reader.cc(340)] could not read dos header from C:\WINDOWS\System32\bcrypt.dll
[1231/160027.723:ERROR:process_memory_win.cc(73)] ReadMemory at 0x7ffc58d80000 of 64 bytes failed: Only part of a ReadProcessMemory or WriteProcessMemory request was completed. (0x12B)
[1231/160027.723:WARNING:pe_image_reader.cc(340)] could not read dos header from C:\WINDOWS\SYSTEM32\dbghelp.dll
[1231/160027.723:ERROR:process_memory_win.cc(73)] ReadMemory at 0x7ffc42d80000 of 64 bytes failed: Only part of a ReadProcessMemory or WriteProcessMemory request was completed. (0x12B)
[1231/160027.723:WARNING:pe_image_reader.cc(340)] could not read dos header from C:\WINDOWS\SYSTEM32\Secur32.dll
[1231/160027.723:ERROR:process_memory_win.cc(73)] ReadMemory at 0x7ffc4d020000 of 64 bytes failed: Only part of a ReadProcessMemory or WriteProcessMemory request was completed. (0x12B)
[1231/160027.723:WARNING:pe_image_reader.cc(340)] could not read dos header from C:\WINDOWS\SYSTEM32\WINHTTP.dll
[1231/160027.723:ERROR:process_memory_win.cc(73)] ReadMemory at 0x7ffc51650000 of 64 bytes failed: Only part of a ReadProcessMemory or WriteProcessMemory request was completed. (0x12B)
[1231/160027.723:WARNING:pe_image_reader.cc(340)] could not read dos header from C:\WINDOWS\SYSTEM32\dhcpcsvc.DLL
[1231/160027.723:ERROR:process_memory_win.cc(73)] ReadMemory at 0x7ffc5d180000 of 64 bytes failed: Only part of a ReadProcessMemory or WriteProcessMemory request was completed. (0x12B)
[1231/160027.723:WARNING:pe_image_reader.cc(340)] could not read dos header from C:\WINDOWS\System32\NSI.dll
[1231/160027.723:ERROR:process_memory_win.cc(73)] ReadMemory at 0x7ffc56a00000 of 64 bytes failed: Only part of a ReadProcessMemory or WriteProcessMemory request was completed. (0x12B)
[1231/160027.723:WARNING:pe_image_reader.cc(340)] could not read dos header from C:\WINDOWS\SYSTEM32\WINMMBASE.dll
[1231/160027.723:ERROR:process_memory_win.cc(73)] ReadMemory at 0x7ffc5b680000 of 64 bytes failed: Only part of a ReadProcessMemory or WriteProcessMemory request was completed. (0x12B)
[1231/160027.723:WARNING:pe_image_reader.cc(340)] could not read dos header from C:\WINDOWS\System32\cfgmgr32.dll
[1231/160027.723:ERROR:process_memory_win.cc(73)] ReadMemory at 0x7ffc58670000 of 64 bytes failed: Only part of a ReadProcessMemory or WriteProcessMemory request was completed. (0x12B)
[1231/160027.723:WARNING:pe_image_reader.cc(340)] could not read dos header from C:\WINDOWS\SYSTEM32\PROPSYS.dll
[1231/160027.723:ERROR:process_memory_win.cc(73)] ReadMemory at 0x7ffc5c070000 of 64 bytes failed: Only part of a ReadProcessMemory or WriteProcessMemory request was completed. (0x12B)
[1231/160027.723:WARNING:pe_image_reader.cc(340)] could not read dos header from C:\WINDOWS\System32\shcore.dll
[1231/160027.723:ERROR:process_memory_win.cc(73)] ReadMemory at 0x7ffc5a3e0000 of 64 bytes failed: Only part of a ReadProcessMemory or WriteProcessMemory request was completed. (0x12B)
[1231/160027.723:WARNING:pe_image_reader.cc(340)] could not read dos header from C:\WINDOWS\SYSTEM32\SSPICLI.DLL
[1231/160027.723:ERROR:process_memory_win.cc(73)] ReadMemory at 0x7ffc59f30000 of 64 bytes failed: Only part of a ReadProcessMemory or WriteProcessMemory request was completed. (0x12B)
[1231/160027.723:WARNING:pe_image_reader.cc(340)] could not read dos header from C:\WINDOWS\SYSTEM32\CRYPTBASE.DLL
[1231/160027.723:ERROR:process_memory_win.cc(73)] ReadMemory at 0x7ff789460000 of 64 bytes failed: Only part of a ReadProcessMemory or WriteProcessMemory request was completed. (0x12B)
[1231/160027.723:WARNING:pe_image_reader.cc(340)] could not read dos header from C:\Program Files (x86)\Google\Chrome\Application\chrome.exe
[1231/160027.723:ERROR:process_memory_win.cc(73)] ReadMemory at 0x7ffc5d620000 of 64 bytes failed: Only part of a ReadProcessMemory or WriteProcessMemory request was completed. (0x12B)
[1231/160027.723:WARNING:pe_image_reader.cc(340)] could not read dos header from C:\WINDOWS\SYSTEM32\ntdll.dll
[1231/160027.723:ERROR:process_memory_win.cc(73)] ReadMemory at 0x7ffc5bae0000 of 64 bytes failed: Only part of a ReadProcessMemory or WriteProcessMemory request was completed. (0x12B)
[1231/160027.723:WARNING:pe_image_reader.cc(340)] could not read dos header from C:\WINDOWS\System32\KERNEL32.DLL
[1231/160027.723:ERROR:process_memory_win.cc(73)] ReadMemory at 0x7ffc5a630000 of 64 bytes failed: Only part of a ReadProcessMemory or WriteProcessMemory request was completed. (0x12B)
[1231/160027.723:WARNING:pe_image_reader.cc(340)] could not read dos header from C:\WINDOWS\System32\KERNELBASE.dll
[1231/160027.723:ERROR:process_memory_win.cc(73)] ReadMemory at 0x7ffc57fe0000 of 64 bytes failed: Only part of a ReadProcessMemory or WriteProcessMemory request was completed. (0x12B)
[1231/160027.723:WARNING:pe_image_reader.cc(340)] could not read dos header from C:\WINDOWS\SYSTEM32\apphelp.dll
[1231/160027.724:ERROR:process_memory_win.cc(73)] ReadMemory at 0x7ffc0d710000 of 64 bytes failed: Only part of a ReadProcessMemory or WriteProcessMemory request was completed. (0x12B)
[1231/160027.724:WARNING:pe_image_reader.cc(340)] could not read dos header from C:\Program Files (x86)\Google\Chrome\Application\79.0.3945.88\chrome_elf.dll
[1231/160027.724:ERROR:process_memory_win.cc(73)] ReadMemory at 0x7ffc52bc0000 of 64 bytes failed: Only part of a ReadProcessMemory or WriteProcessMemory request was completed. (0x12B)
[1231/160027.724:WARNING:pe_image_reader.cc(340)] could not read dos header from C:\WINDOWS\SYSTEM32\VERSION.dll
[1231/160027.724:ERROR:process_memory_win.cc(73)] ReadMemory at 0x2d13e790000 of 64 bytes failed: Only part of a ReadProcessMemory or WriteProcessMemory request was completed. (0x12B)
[1231/160027.724:WARNING:pe_image_reader.cc(340)] could not read dos header from C:\WINDOWS\System32\msvcrt.dll
[1231/160027.724:ERROR:process_memory_win.cc(73)] ReadMemory at 0x7ffc5a5b0000 of 64 bytes failed: Only part of a ReadProcessMemory or WriteProcessMemory request was completed. (0x12B)
[1231/160027.724:WARNING:pe_image_reader.cc(340)] could not read dos header from C:\WINDOWS\System32\bcryptPrimitives.dll
[1231/160027.724:ERROR:process_memory_win.cc(73)] ReadMemory at 0x7ffc5bda0000 of 64 bytes failed: Only part of a ReadProcessMemory or WriteProcessMemory request was completed. (0x12B)
[1231/160027.724:WARNING:pe_image_reader.cc(340)] could not read dos header from C:\WINDOWS\System32\ADVAPI32.dll
[1231/160027.724:ERROR:process_memory_win.cc(73)] ReadMemory at 0x7ffc5b870000 of 64 bytes failed: Only part of a ReadProcessMemory or WriteProcessMemory request was completed. (0x12B)
[1231/160027.724:WARNING:pe_image_reader.cc(340)] could not read dos header from C:\WINDOWS\System32\sechost.dll
[1231/160027.724:ERROR:process_memory_win.cc(73)] ReadMemory at 0x7ffc5b9c0000 of 64 bytes failed: Only part of a ReadProcessMemory or WriteProcessMemory request was completed. (0x12B)
[1231/160027.724:WARNING:pe_image_reader.cc(340)] could not read dos header from C:\WINDOWS\System32\RPCRT4.dll
[1231/160027.724:ERROR:process_memory_win.cc(73)] ReadMemory at 0x7ffbf6ea0000 of 64 bytes failed: Only part of a ReadProcessMemory or WriteProcessMemory request was completed. (0x12B)
[1231/160027.724:WARNING:pe_image_reader.cc(340)] could not read dos header from C:\Program Files (x86)\Google\Chrome\Application\79.0.3945.88\chrome_child.dll
[1231/160027.724:ERROR:process_memory_win.cc(73)] ReadMemory at 0x7ffc5c810000 of 64 bytes failed: Only part of a ReadProcessMemory or WriteProcessMemory request was completed. (0x12B)
[1231/160027.724:WARNING:pe_image_reader.cc(340)] could not read dos header from C:\WINDOWS\System32\OLEAUT32.dll
[1231/160027.724:ERROR:process_memory_win.cc(73)] ReadMemory at 0x7ffc5b390000 of 64 bytes failed: Only part of a ReadProcessMemory or WriteProcessMemory request was completed. (0x12B)
[1231/160027.724:WARNING:pe_image_reader.cc(340)] could not read dos header from C:\WINDOWS\System32\msvcp_win.dll
[1231/160027.724:ERROR:process_memory_win.cc(73)] ReadMemory at 0x7ffc5b290000 of 64 bytes failed: Only part of a ReadProcessMemory or WriteProcessMemory request was completed. (0x12B)
[1231/160027.724:WARNING:pe_image_reader.cc(340)] could not read dos header from C:\WINDOWS\System32\ucrtbase.dll
[1231/160027.724:ERROR:process_memory_win.cc(73)] ReadMemory at 0x7ffc5d190000 of 64 bytes failed: Only part of a ReadProcessMemory or WriteProcessMemory request was completed. (0x12B)
[1231/160027.724:WARNING:pe_image_reader.cc(340)] could not read dos header from C:\WINDOWS\System32\combase.dll
[1231/160027.724:ERROR:process_memory_win.cc(73)] ReadMemory at 0x7ffc5cd60000 of 64 bytes failed: Only part of a ReadProcessMemory or WriteProcessMemory request was completed. (0x12B)
[1231/160027.724:WARNING:pe_image_reader.cc(340)] could not read dos header from C:\WINDOWS\System32\WS2_32.dll
[1231/160027.724:ERROR:process_memory_win.cc(73)] ReadMemory at 0x7ffc5b430000 of 64 bytes failed: Only part of a ReadProcessMemory or WriteProcessMemory request was completed. (0x12B)
[1231/160027.724:WARNING:pe_image_reader.cc(340)] could not read dos header from C:\WINDOWS\System32\WINTRUST.dll
[1231/160027.724:ERROR:process_memory_win.cc(73)] ReadMemory at 0x7ffc5a520000 of 64 bytes failed: Only part of a ReadProcessMemory or WriteProcessMemory request was completed. (0x12B)
[1231/160027.724:WARNING:pe_image_reader.cc(340)] could not read dos header from C:\WINDOWS\System32\MSASN1.dll
[1231/160027.724:ERROR:process_memory_win.cc(73)] ReadMemory at 0x7ffc5b140000 of 64 bytes failed: Only part of a ReadProcessMemory or WriteProcessMemory request was completed. (0x12B)
[1231/160027.724:WARNING:pe_image_reader.cc(340)] could not read dos header from C:\WINDOWS\System32\CRYPT32.dll
[1231/160027.724:ERROR:process_memory_win.cc(73)] ReadMemory at 0x7ffc59a70000 of 64 bytes failed: Only part of a ReadProcessMemory or WriteProcessMemory request was completed. (0x12B)
[1231/160027.724:WARNING:pe_image_reader.cc(340)] could not read dos header from C:\WINDOWS\SYSTEM32\IPHLPAPI.DLL
[1231/160027.724:ERROR:process_memory_win.cc(73)] ReadMemory at 0x7ffc56a30000 of 64 bytes failed: Only part of a ReadProcessMemory or WriteProcessMemory request was completed. (0x12B)
[1231/160027.724:WARNING:pe_image_reader.cc(340)] could not read dos header from C:\WINDOWS\SYSTEM32\WINMM.dll
[1231/160027.724:ERROR:process_memory_win.cc(73)] ReadMemory at 0x7ffc5a410000 of 64 bytes failed: Only part of a ReadProcessMemory or WriteProcessMemory request was completed. (0x12B)
[1231/160027.724:WARNING:pe_image_reader.cc(340)] could not read dos header from C:\WINDOWS\SYSTEM32\USERENV.dll
[1231/160027.724:ERROR:process_memory_win.cc(73)] ReadMemory at 0x7ffc5a540000 of 64 bytes failed: Only part of a ReadProcessMemory or WriteProcessMemory request was completed. (0x12B)
[1231/160027.724:WARNING:pe_image_reader.cc(340)] could not read dos header from C:\WINDOWS\System32\profapi.dll
[1231/160027.724:ERROR:process_memory_win.cc(73)] ReadMemory at 0x7ffc39840000 of 64 bytes failed: Only part of a ReadProcessMemory or WriteProcessMemory request was completed. (0x12B)
[1231/160027.724:WARNING:pe_image_reader.cc(340)] could not read dos header from C:\WINDOWS\SYSTEM32\DWrite.dll
[1231/160027.724:ERROR:process_memory_win.cc(73)] ReadMemory at 0x7ffc4bff0000 of 64 bytes failed: Only part of a ReadProcessMemory or WriteProcessMemory request was completed. (0x12B)
[1231/160027.724:WARNING:pe_image_reader.cc(340)] could not read dos header from C:\WINDOWS\SYSTEM32\WINSPOOL.DRV
[1231/160027.724:ERROR:process_memory_win.cc(73)] ReadMemory at 0x7ffc5a500000 of 64 bytes failed: Only part of a ReadProcessMemory or WriteProcessMemory request was completed. (0x12B)
[1231/160027.724:WARNING:pe_image_reader.cc(340)] could not read dos header from C:\WINDOWS\System32\kernel.appcore.dll
[1231/160027.725:ERROR:process_memory_win.cc(73)] ReadMemory at 0x7ffc5b060000 of 64 bytes failed: Only part of a ReadProcessMemory or WriteProcessMemory request was completed. (0x12B)
[1231/160027.725:WARNING:pe_image_reader.cc(340)] could not read dos header from C:\WINDOWS\System32\bcrypt.dll
[1231/160027.725:ERROR:process_memory_win.cc(73)] ReadMemory at 0x7ffc58d80000 of 64 bytes failed: Only part of a ReadProcessMemory or WriteProcessMemory request was completed. (0x12B)
[1231/160027.725:WARNING:pe_image_reader.cc(340)] could not read dos header from C:\WINDOWS\SYSTEM32\dbghelp.dll
[1231/160027.725:ERROR:process_memory_win.cc(73)] ReadMemory at 0x7ffc42d80000 of 64 bytes failed: Only part of a ReadProcessMemory or WriteProcessMemory request was completed. (0x12B)
[1231/160027.725:WARNING:pe_image_reader.cc(340)] could not read dos header from C:\WINDOWS\SYSTEM32\Secur32.dll
[1231/160027.725:ERROR:process_memory_win.cc(73)] ReadMemory at 0x7ffc4d020000 of 64 bytes failed: Only part of a ReadProcessMemory or WriteProcessMemory request was completed. (0x12B)
[1231/160027.725:WARNING:pe_image_reader.cc(340)] could not read dos header from C:\WINDOWS\SYSTEM32\WINHTTP.dll
[1231/160027.725:ERROR:process_memory_win.cc(73)] ReadMemory at 0x7ffc51650000 of 64 bytes failed: Only part of a ReadProcessMemory or WriteProcessMemory request was completed. (0x12B)
[1231/160027.725:WARNING:pe_image_reader.cc(340)] could not read dos header from C:\WINDOWS\SYSTEM32\dhcpcsvc.DLL
[1231/160027.725:ERROR:process_memory_win.cc(73)] ReadMemory at 0x7ffc5d180000 of 64 bytes failed: Only part of a ReadProcessMemory or WriteProcessMemory request was completed. (0x12B)
[1231/160027.725:WARNING:pe_image_reader.cc(340)] could not read dos header from C:\WINDOWS\System32\NSI.dll
[1231/160027.725:ERROR:process_memory_win.cc(73)] ReadMemory at 0x7ffc56a00000 of 64 bytes failed: Only part of a ReadProcessMemory or WriteProcessMemory request was completed. (0x12B)
[1231/160027.725:WARNING:pe_image_reader.cc(340)] could not read dos header from C:\WINDOWS\SYSTEM32\WINMMBASE.dll
[1231/160027.725:ERROR:process_memory_win.cc(73)] ReadMemory at 0x7ffc5b680000 of 64 bytes failed: Only part of a ReadProcessMemory or WriteProcessMemory request was completed. (0x12B)
[1231/160027.725:WARNING:pe_image_reader.cc(340)] could not read dos header from C:\WINDOWS\System32\cfgmgr32.dll
[1231/160027.725:ERROR:process_memory_win.cc(73)] ReadMemory at 0x7ffc58670000 of 64 bytes failed: Only part of a ReadProcessMemory or WriteProcessMemory request was completed. (0x12B)
[1231/160027.725:WARNING:pe_image_reader.cc(340)] could not read dos header from C:\WINDOWS\SYSTEM32\PROPSYS.dll
[1231/160027.725:ERROR:process_memory_win.cc(73)] ReadMemory at 0x7ffc5c070000 of 64 bytes failed: Only part of a ReadProcessMemory or WriteProcessMemory request was completed. (0x12B)
[1231/160027.725:WARNING:pe_image_reader.cc(340)] could not read dos header from C:\WINDOWS\System32\shcore.dll
[1231/160027.725:ERROR:process_memory_win.cc(73)] ReadMemory at 0x7ffc5a3e0000 of 64 bytes failed: Only part of a ReadProcessMemory or WriteProcessMemory request was completed. (0x12B)
[1231/160027.725:WARNING:pe_image_reader.cc(340)] could not read dos header from C:\WINDOWS\SYSTEM32\SSPICLI.DLL
[1231/160027.725:ERROR:process_memory_win.cc(73)] ReadMemory at 0x7ffc59f30000 of 64 bytes failed: Only part of a ReadProcessMemory or WriteProcessMemory request was completed. (0x12B)
[1231/160027.725:WARNING:pe_image_reader.cc(340)] could not read dos header from C:\WINDOWS\SYSTEM32\CRYPTBASE.DLL
[1231/160027.738:ERROR:process_memory_win.cc(73)] ReadMemory at 0xe303bf9000 of 28672 bytes failed: Only part of a ReadProcessMemory or WriteProcessMemory request was completed. (0x12B)
[1231/160027.738:ERROR:process_memory_win.cc(73)] ReadMemory at 0xe3043fd000 of 12288 bytes failed: Only part of a ReadProcessMemory or WriteProcessMemory request was completed. (0x12B)
[1231/160027.738:ERROR:process_memory_win.cc(73)] ReadMemory at 0xe304bfd000 of 12288 bytes failed: Only part of a ReadProcessMemory or WriteProcessMemory request was completed. (0x12B)
[1231/160027.738:ERROR:process_memory_win.cc(73)] ReadMemory at 0xe3053fd000 of 12288 bytes failed: Only part of a ReadProcessMemory or WriteProcessMemory request was completed. (0x12B)
[1231/160027.738:ERROR:process_memory_win.cc(73)] ReadMemory at 0xe305bfc000 of 16384 bytes failed: Only part of a ReadProcessMemory or WriteProcessMemory request was completed. (0x12B)
[1231/160027.738:ERROR:process_memory_win.cc(73)] ReadMemory at 0xe3063ff000 of 4096 bytes failed: Only part of a ReadProcessMemory or WriteProcessMemory request was completed. (0x12B)
[1231/160027.738:ERROR:process_memory_win.cc(73)] ReadMemory at 0xe306bfd000 of 12288 bytes failed: Only part of a ReadProcessMemory or WriteProcessMemory request was completed. (0x12B)
[1231/160027.738:ERROR:process_memory_win.cc(73)] ReadMemory at 0xe3073fd000 of 12288 bytes failed: Only part of a ReadProcessMemory or WriteProcessMemory request was completed. (0x12B)
[1231/160027.739:ERROR:process_memory_win.cc(73)] ReadMemory at 0xe307bfd000 of 12288 bytes failed: Only part of a ReadProcessMemory or WriteProcessMemory request was completed. (0x12B)
[1231/160027.739:ERROR:process_memory_win.cc(73)] ReadMemory at 0xe3083fd000 of 12288 bytes failed: Only part of a ReadProcessMemory or WriteProcessMemory request was completed. (0x12B)
[1231/160027.739:ERROR:process_memory_win.cc(73)] ReadMemory at 0xe308bfd000 of 12288 bytes failed: Only part of a ReadProcessMemory or WriteProcessMemory request was completed. (0x12B)
[1231/160027.739:ERROR:process_memory_win.cc(73)] ReadMemory at 0xe3093fd000 of 12288 bytes failed: Only part of a ReadProcessMemory or WriteProcessMemory request was completed. (0x12B)
[1231/160027.739:ERROR:process_memory_win.cc(73)] ReadMemory at 0xe309bfd000 of 12288 bytes failed: Only part of a ReadProcessMemory or WriteProcessMemory request was completed. (0x12B)
[1231/160027.739:ERROR:process_memory_win.cc(73)] ReadMemory at 0xe303269000 of 852 bytes failed: Only part of a ReadProcessMemory or WriteProcessMemory request was completed. (0x12B)
[1231/160027.740:ERROR:process_memory_win.cc(73)] ReadMemory at 0xe30326a000 of 6024 bytes failed: Only part of a ReadProcessMemory or WriteProcessMemory request was completed. (0x12B)
[1231/160027.740:ERROR:process_memory_win.cc(73)] ReadMemory at 0xe30326c000 of 6024 bytes failed: Only part of a ReadProcessMemory or WriteProcessMemory request was completed. (0x12B)
[1231/160027.740:ERROR:process_memory_win.cc(73)] ReadMemory at 0xe30326e000 of 6024 bytes failed: Only part of a ReadProcessMemory or WriteProcessMemory request was completed. (0x12B)
[1231/160027.740:ERROR:process_memory_win.cc(73)] ReadMemory at 0xe303270000 of 6024 bytes failed: Only part of a ReadProcessMemory or WriteProcessMemory request was completed. (0x12B)
[1231/160027.740:ERROR:process_memory_win.cc(73)] ReadMemory at 0xe303272000 of 6024 bytes failed: Only part of a ReadProcessMemory or WriteProcessMemory request was completed. (0x12B)
[1231/160027.740:ERROR:process_memory_win.cc(73)] ReadMemory at 0xe303274000 of 6024 bytes failed: Only part of a ReadProcessMemory or WriteProcessMemory request was completed. (0x12B)
[1231/160027.742:ERROR:process_memory_win.cc(73)] ReadMemory at 0xe303276000 of 6024 bytes failed: Only part of a ReadProcessMemory or WriteProcessMemory request was completed. (0x12B)
[1231/160027.742:ERROR:process_memory_win.cc(73)] ReadMemory at 0xe303278000 of 6024 bytes failed: Only part of a ReadProcessMemory or WriteProcessMemory request was completed. (0x12B)
[1231/160027.742:ERROR:process_memory_win.cc(73)] ReadMemory at 0xe30327a000 of 6024 bytes failed: Only part of a ReadProcessMemory or WriteProcessMemory request was completed. (0x12B)
[1231/160027.742:ERROR:process_memory_win.cc(73)] ReadMemory at 0xe30327c000 of 6024 bytes failed: Only part of a ReadProcessMemory or WriteProcessMemory request was completed. (0x12B)
[1231/160027.742:ERROR:process_memory_win.cc(73)] ReadMemory at 0xe30327e000 of 6024 bytes failed: Only part of a ReadProcessMemory or WriteProcessMemory request was completed. (0x12B)
[1231/160027.742:ERROR:process_memory_win.cc(73)] ReadMemory at 0xe303280000 of 6024 bytes failed: Only part of a ReadProcessMemory or WriteProcessMemory request was completed. (0x12B)
[1231/160027.742:ERROR:process_memory_win.cc(73)] ReadMemory at 0xe303282000 of 6024 bytes failed: Only part of a ReadProcessMemory or WriteProcessMemory request was completed. (0x12B)
[1231/160027.742:ERROR:process_memory_win.cc(73)] ReadMemory at 0x2d13e670fe0 of 7772 bytes failed: Only part of a ReadProcessMemory or WriteProcessMemory request was completed. (0x12B)
[1231/160027.743:ERROR:process_memory_win.cc(73)] ReadMemory at 0x2d13e672e50 of 1012 bytes failed: Only part of a ReadProcessMemory or WriteProcessMemory request was completed. (0x12B)
[1231/160027.743:ERROR:process_memory_win.cc(73)] ReadMemory at 0x2d13e673498 of 118 bytes failed: Only part of a ReadProcessMemory or WriteProcessMemory request was completed. (0x12B)
[1231/160027.743:ERROR:process_memory_win.cc(73)] ReadMemory at 0x2d13e673510 of 902 bytes failed: Only part of a ReadProcessMemory or WriteProcessMemory request was completed. (0x12B)
[1231/160027.743:ERROR:process_memory_win.cc(73)] ReadMemory at 0x2d13e673898 of 118 bytes failed: Only part of a ReadProcessMemory or WriteProcessMemory request was completed. (0x12B)
[1231/160027.743:ERROR:process_memory_win.cc(73)] ReadMemory at 0x2d13e673910 of 100 bytes failed: Only part of a ReadProcessMemory or WriteProcessMemory request was completed. (0x12B)
[1231/160027.743:ERROR:process_memory_win.cc(73)] ReadMemory at 0x2d13e673980 of 58 bytes failed: Only part of a ReadProcessMemory or WriteProcessMemory request was completed. (0x12B)
[1231/160027.743:ERROR:process_memory_win.cc(73)] ReadMemory at 0x2d13e673a80 of 132 bytes failed: Only part of a ReadProcessMemory or WriteProcessMemory request was completed. (0x12B)
[1231/160027.743:ERROR:process_memory_win.cc(73)] ReadMemory at 0x2d13e673c10 of 132 bytes failed: Only part of a ReadProcessMemory or WriteProcessMemory request was completed. (0x12B)
[1231/160027.743:ERROR:process_memory_win.cc(73)] ReadMemory at 0x2d13e673dd0 of 124 bytes failed: Only part of a ReadProcessMemory or WriteProcessMemory request was completed. (0x12B)
[1231/160027.744:ERROR:process_memory_win.cc(73)] ReadMemory at 0x2d13e6741b0 of 132 bytes failed: Only part of a ReadProcessMemory or WriteProcessMemory request was completed. (0x12B)
[1231/160027.744:ERROR:process_memory_win.cc(73)] ReadMemory at 0x2d13e674340 of 64 bytes failed: Only part of a ReadProcessMemory or WriteProcessMemory request was completed. (0x12B)
[1231/160027.744:ERROR:process_memory_win.cc(73)] ReadMemory at 0x2d13e6744a0 of 132 bytes failed: Only part of a ReadProcessMemory or WriteProcessMemory request was completed. (0x12B)
[1231/160027.744:ERROR:process_memory_win.cc(73)] ReadMemory at 0x2d13e674630 of 62 bytes failed: Only part of a ReadProcessMemory or WriteProcessMemory request was completed. (0x12B)
[1231/160027.744:ERROR:process_memory_win.cc(73)] ReadMemory at 0x2d13e6747a0 of 132 bytes failed: Only part of a ReadProcessMemory or WriteProcessMemory request was completed. (0x12B)
[1231/160027.744:ERROR:process_memory_win.cc(73)] ReadMemory at 0x2d13e674930 of 68 bytes failed: Only part of a ReadProcessMemory or WriteProcessMemory request was completed. (0x12B)
[1231/160027.744:ERROR:process_memory_win.cc(73)] ReadMemory at 0x2d13e678b70 of 132 bytes failed: Only part of a ReadProcessMemory or WriteProcessMemory request was completed. (0x12B)
[1231/160027.744:ERROR:process_memory_win.cc(73)] ReadMemory at 0x2d13e678db0 of 132 bytes failed: Only part of a ReadProcessMemory or WriteProcessMemory request was completed. (0x12B)
[1231/160027.744:ERROR:process_memory_win.cc(73)] ReadMemory at 0x2d13e678f40 of 152 bytes failed: Only part of a ReadProcessMemory or WriteProcessMemory request was completed. (0x12B)
[1231/160027.744:ERROR:process_memory_win.cc(73)] ReadMemory at 0x2d13e67aee0 of 132 bytes failed: Only part of a ReadProcessMemory or WriteProcessMemory request was completed. (0x12B)
[1231/160027.744:ERROR:process_memory_win.cc(73)] ReadMemory at 0x2d13e67cc40 of 62 bytes failed: Only part of a ReadProcessMemory or WriteProcessMemory request was completed. (0x12B)
[1231/160027.744:ERROR:process_memory_win.cc(73)] ReadMemory at 0x2d13e67cc90 of 156 bytes failed: Only part of a ReadProcessMemory or WriteProcessMemory request was completed. (0x12B)
[1231/160027.744:ERROR:process_memory_win.cc(73)] ReadMemory at 0x2d13e67cd70 of 132 bytes failed: Only part of a ReadProcessMemory or WriteProcessMemory request was completed. (0x12B)
[1231/160027.744:ERROR:process_memory_win.cc(73)] ReadMemory at 0x2d13e67cf00 of 60 bytes failed: Only part of a ReadProcessMemory or WriteProcessMemory request was completed. (0x12B)
[1231/160027.745:ERROR:process_memory_win.cc(73)] ReadMemory at 0x2d13e67ecea of 512 bytes failed: Only part of a ReadProcessMemory or WriteProcessMemory request was completed. (0x12B)
[1231/160027.745:ERROR:process_memory_win.cc(73)] ReadMemory at 0x2d13e67f330 of 64 bytes failed: Only part of a ReadProcessMemory or WriteProcessMemory request was completed. (0x12B)
[1231/160027.745:ERROR:process_memory_win.cc(73)] ReadMemory at 0x2d13e67f380 of 62 bytes failed: Only part of a ReadProcessMemory or WriteProcessMemory request was completed. (0x12B)
[1231/160027.745:ERROR:process_memory_win.cc(73)] ReadMemory at 0x2d13e67f3d0 of 60 bytes failed: Only part of a ReadProcessMemory or WriteProcessMemory request was completed. (0x12B)
[1231/160027.745:ERROR:process_memory_win.cc(73)] ReadMemory at 0x2d13e67f420 of 64 bytes failed: Only part of a ReadProcessMemory or WriteProcessMemory request was completed. (0x12B)
[1231/160027.745:ERROR:process_memory_win.cc(73)] ReadMemory at 0x2d13e67f470 of 60 bytes failed: Only part of a ReadProcessMemory or WriteProcessMemory request was completed. (0x12B)
[1231/160027.745:ERROR:process_memory_win.cc(73)] ReadMemory at 0x2d13e67f510 of 62 bytes failed: Only part of a ReadProcessMemory or WriteProcessMemory request was completed. (0x12B)
[1231/160027.745:ERROR:process_memory_win.cc(73)] ReadMemory at 0x2d13e67f6a0 of 64 bytes failed: Only part of a ReadProcessMemory or WriteProcessMemory request was completed. (0x12B)
[1231/160027.745:ERROR:process_memory_win.cc(73)] ReadMemory at 0x2d13e67f6f0 of 64 bytes failed: Only part of a ReadProcessMemory or WriteProcessMemory request was completed. (0x12B)
[1231/160027.745:ERROR:process_memory_win.cc(73)] ReadMemory at 0x2d13e67f880 of 66 bytes failed: Only part of a ReadProcessMemory or WriteProcessMemory request was completed. (0x12B)
[1231/160027.745:ERROR:process_memory_win.cc(73)] ReadMemory at 0x2d13e680470 of 132 bytes failed: Only part of a ReadProcessMemory or WriteProcessMemory request was completed. (0x12B)
[1231/160027.745:ERROR:process_memory_win.cc(73)] ReadMemory at 0x2d13e6807d0 of 80 bytes failed: Only part of a ReadProcessMemory or WriteProcessMemory request was completed. (0x12B)
[1231/160027.746:ERROR:process_memory_win.cc(73)] ReadMemory at 0x2d13e683d90 of 132 bytes failed: Only part of a ReadProcessMemory or WriteProcessMemory request was completed. (0x12B)
[1231/160027.746:ERROR:process_memory_win.cc(73)] ReadMemory at 0x2d13e683ec0 of 132 bytes failed: Only part of a ReadProcessMemory or WriteProcessMemory request was completed. (0x12B)
[1231/160027.746:ERROR:process_memory_win.cc(73)] ReadMemory at 0x2d13e684a00 of 54 bytes failed: Only part of a ReadProcessMemory or WriteProcessMemory request was completed. (0x12B)
[1231/160027.746:ERROR:process_memory_win.cc(73)] ReadMemory at 0x2d13e6859b0 of 132 bytes failed: Only part of a ReadProcessMemory or WriteProcessMemory request was completed. (0x12B)
[1231/160027.746:ERROR:process_memory_win.cc(73)] ReadMemory at 0x2d13e685be0 of 132 bytes failed: Only part of a ReadProcessMemory or WriteProcessMemory request was completed. (0x12B)
[1231/160027.746:ERROR:process_memory_win.cc(73)] ReadMemory at 0x2d13e6896a0 of 132 bytes failed: Only part of a ReadProcessMemory or WriteProcessMemory request was completed. (0x12B)
[1231/160027.746:ERROR:process_memory_win.cc(73)] ReadMemory at 0x2d13e6897d0 of 132 bytes failed: Only part of a ReadProcessMemory or WriteProcessMemory request was completed. (0x12B)
[1231/160027.746:ERROR:process_memory_win.cc(73)] ReadMemory at 0x2d13e689ab0 of 132 bytes failed: Only part of a ReadProcessMemory or WriteProcessMemory request was completed. (0x12B)
[1231/160027.746:ERROR:process_memory_win.cc(73)] ReadMemory at 0x2d13e689dd0 of 132 bytes failed: Only part of a ReadProcessMemory or WriteProcessMemory request was completed. (0x12B)
[1231/160027.746:ERROR:process_memory_win.cc(73)] ReadMemory at 0x2d13e689f00 of 132 bytes failed: Only part of a ReadProcessMemory or WriteProcessMemory request was completed. (0x12B)
[1231/160027.746:ERROR:process_memory_win.cc(73)] ReadMemory at 0x2d13e68a030 of 132 bytes failed: Only part of a ReadProcessMemory or WriteProcessMemory request was completed. (0x12B)
[1231/160027.746:ERROR:process_memory_win.cc(73)] ReadMemory at 0x2d13e68a160 of 132 bytes failed: Only part of a ReadProcessMemory or WriteProcessMemory request was completed. (0x12B)
[1231/160027.746:ERROR:process_memory_win.cc(73)] ReadMemory at 0x2d13e68a290 of 132 bytes failed: Only part of a ReadProcessMemory or WriteProcessMemory request was completed. (0x12B)
[1231/160027.746:ERROR:process_memory_win.cc(73)] ReadMemory at 0x2d13e68a3c0 of 132 bytes failed: Only part of a ReadProcessMemory or WriteProcessMemory request was completed. (0x12B)
[1231/160027.746:ERROR:process_memory_win.cc(73)] ReadMemory at 0x2d13e68a4f0 of 132 bytes failed: Only part of a ReadProcessMemory or WriteProcessMemory request was completed. (0x12B)
[1231/160027.747:ERROR:process_memory_win.cc(73)] ReadMemory at 0x2d13e68a620 of 132 bytes failed: Only part of a ReadProcessMemory or WriteProcessMemory request was completed. (0x12B)
[1231/160027.747:ERROR:process_memory_win.cc(73)] ReadMemory at 0x2d13e68a750 of 132 bytes failed: Only part of a ReadProcessMemory or WriteProcessMemory request was completed. (0x12B)
[1231/160027.747:ERROR:process_memory_win.cc(73)] ReadMemory at 0x2d13e68a880 of 132 bytes failed: Only part of a ReadProcessMemory or WriteProcessMemory request was completed. (0x12B)
[1231/160027.747:ERROR:process_memory_win.cc(73)] ReadMemory at 0x2d13e68a9b0 of 132 bytes failed: Only part of a ReadProcessMemory or WriteProcessMemory request was completed. (0x12B)
[1231/160027.747:ERROR:process_memory_win.cc(73)] ReadMemory at 0x2d13e68aae0 of 132 bytes failed: Only part of a ReadProcessMemory or WriteProcessMemory request was completed. (0x12B)
[1231/160027.747:ERROR:process_memory_win.cc(73)] ReadMemory at 0x2d13e68bb60 of 76 bytes failed: Only part of a ReadProcessMemory or WriteProcessMemory request was completed. (0x12B)
[1231/160027.747:ERROR:process_memory_win.cc(73)] ReadMemory at 0x2d13e68bf20 of 64 bytes failed: Only part of a ReadProcessMemory or WriteProcessMemory request was completed. (0x12B)
[1231/160027.747:ERROR:process_memory_win.cc(73)] ReadMemory at 0x2d13e68bf70 of 62 bytes failed: Only part of a ReadProcessMemory or WriteProcessMemory request was completed. (0x12B)
[1231/160027.747:ERROR:process_memory_win.cc(73)] ReadMemory at 0x2d13e68c060 of 62 bytes failed: Only part of a ReadProcessMemory or WriteProcessMemory request was completed. (0x12B)
[1231/160027.747:ERROR:process_memory_win.cc(73)] ReadMemory at 0x2d13e68c0b0 of 62 bytes failed: Only part of a ReadProcessMemory or WriteProcessMemory request was completed. (0x12B)
[1231/160027.747:ERROR:process_memory_win.cc(73)] ReadMemory at 0x2d13e68c100 of 66 bytes failed: Only part of a ReadProcessMemory or WriteProcessMemory request was completed. (0x12B)
[1231/160027.748:ERROR:process_memory_win.cc(73)] ReadMemory at 0x2d13e68c1f0 of 60 bytes failed: Only part of a ReadProcessMemory or WriteProcessMemory request was completed. (0x12B)
[1231/160027.748:ERROR:process_memory_win.cc(73)] ReadMemory at 0x2d13e68c290 of 62 bytes failed: Only part of a ReadProcessMemory or WriteProcessMemory request was completed. (0x12B)
[1231/160027.748:ERROR:process_memory_win.cc(73)] ReadMemory at 0x2d13e68c380 of 64 bytes failed: Only part of a ReadProcessMemory or WriteProcessMemory request was completed. (0x12B)
[1231/160027.748:ERROR:process_memory_win.cc(73)] ReadMemory at 0x2d13e68c420 of 60 bytes failed: Only part of a ReadProcessMemory or WriteProcessMemory request was completed. (0x12B)
[1231/160027.748:ERROR:process_memory_win.cc(73)] ReadMemory at 0x2d13e68c650 of 58 bytes failed: Only part of a ReadProcessMemory or WriteProcessMemory request was completed. (0x12B)
[1231/160027.748:ERROR:process_memory_win.cc(73)] ReadMemory at 0x2d13e68c740 of 62 bytes failed: Only part of a ReadProcessMemory or WriteProcessMemory request was completed. (0x12B)
[1231/160027.748:ERROR:process_memory_win.cc(73)] ReadMemory at 0x2d13e68c880 of 64 bytes failed: Only part of a ReadProcessMemory or WriteProcessMemory request was completed. (0x12B)
[1231/160027.748:ERROR:process_memory_win.cc(73)] ReadMemory at 0x2d13e68c8d0 of 62 bytes failed: Only part of a ReadProcessMemory or WriteProcessMemory request was completed. (0x12B)
[1231/160027.748:ERROR:process_memory_win.cc(73)] ReadMemory at 0x2d13e68c970 of 62 bytes failed: Only part of a ReadProcessMemory or WriteProcessMemory request was completed. (0x12B)
[1231/160027.748:ERROR:process_memory_win.cc(73)] ReadMemory at 0x2d13e68ca60 of 60 bytes failed: Only part of a ReadProcessMemory or WriteProcessMemory request was completed. (0x12B)
[1231/160027.748:ERROR:process_memory_win.cc(73)] ReadMemory at 0x2d13e68cc40 of 60 bytes failed: Only part of a ReadProcessMemory or WriteProcessMemory request was completed. (0x12B)
[1231/160027.748:ERROR:process_memory_win.cc(73)] ReadMemory at 0x2d13e68cd80 of 64 bytes failed: Only part of a ReadProcessMemory or WriteProcessMemory request was completed. (0x12B)
[1231/160027.748:ERROR:process_memory_win.cc(73)] ReadMemory at 0x2d13e68ce20 of 62 bytes failed: Only part of a ReadProcessMemory or WriteProcessMemory request was completed. (0x12B)
[1231/160027.748:ERROR:process_memory_win.cc(73)] ReadMemory at 0x2d13e68cee0 of 132 bytes failed: Only part of a ReadProcessMemory or WriteProcessMemory request was completed. (0x12B)
[1231/160027.748:ERROR:process_memory_win.cc(73)] ReadMemory at 0x2d13e68d010 of 132 bytes failed: Only part of a ReadProcessMemory or WriteProcessMemory request was completed. (0x12B)
[1231/160027.748:ERROR:process_memory_win.cc(73)] ReadMemory at 0x2d13e68d4d0 of 132 bytes failed: Only part of a ReadProcessMemory or WriteProcessMemory request was completed. (0x12B)
[1231/160027.749:ERROR:process_memory_win.cc(73)] ReadMemory at 0x2d13e68d860 of 132 bytes failed: Only part of a ReadProcessMemory or WriteProcessMemory request was completed. (0x12B)
[1231/160027.749:ERROR:process_memory_win.cc(73)] ReadMemory at 0x2d13e68dbf0 of 132 bytes failed: Only part of a ReadProcessMemory or WriteProcessMemory request was completed. (0x12B)
[1231/160027.749:ERROR:process_memory_win.cc(73)] ReadMemory at 0x2d13e68dd20 of 132 bytes failed: Only part of a ReadProcessMemory or WriteProcessMemory request was completed. (0x12B)
[1231/160027.749:ERROR:process_memory_win.cc(73)] ReadMemory at 0x2d13e68de50 of 132 bytes failed: Only part of a ReadProcessMemory or WriteProcessMemory request was completed. (0x12B)
[1231/160027.749:ERROR:process_memory_win.cc(73)] ReadMemory at 0x2d13e68e570 of 132 bytes failed: Only part of a ReadProcessMemory or WriteProcessMemory request was completed. (0x12B)
[1231/160027.749:ERROR:process_memory_win.cc(73)] ReadMemory at 0x2d13e68e6a0 of 132 bytes failed: Only part of a ReadProcessMemory or WriteProcessMemory request was completed. (0x12B)
[1231/160027.749:ERROR:process_memory_win.cc(73)] ReadMemory at 0x2d13e68e900 of 132 bytes failed: Only part of a ReadProcessMemory or WriteProcessMemory request was completed. (0x12B)
[1231/160027.749:ERROR:process_memory_win.cc(73)] ReadMemory at 0x2d13e6a16d0 of 512 bytes failed: Only part of a ReadProcessMemory or WriteProcessMemory request was completed. (0x12B)
[1231/160027.749:ERROR:process_memory_win.cc(73)] ReadMemory at 0x2d13e6a23e0 of 512 bytes failed: Only part of a ReadProcessMemory or WriteProcessMemory request was completed. (0x12B)
[1231/160027.749:ERROR:process_memory_win.cc(73)] ReadMemory at 0x2d13e8f00d0 of 512 bytes failed: Only part of a ReadProcessMemory or WriteProcessMemory request was completed. (0x12B)
[1231/160027.749:ERROR:process_memory_win.cc(73)] ReadMemory at 0x2d13e8f2080 of 512 bytes failed: Only part of a ReadProcessMemory or WriteProcessMemory request was completed. (0x12B)
[1231/160027.749:ERROR:process_memory_win.cc(73)] ReadMemory at 0x2d13eae2720 of 512 bytes failed: Only part of a ReadProcessMemory or WriteProcessMemory request was completed. (0x12B)
[1231/160027.749:ERROR:process_memory_win.cc(73)] ReadMemory at 0x2d13eae81f0 of 512 bytes failed: Only part of a ReadProcessMemory or WriteProcessMemory request was completed. (0x12B)
[1231/160027.750:ERROR:process_memory_win.cc(73)] ReadMemory at 0x2d13eaf1810 of 512 bytes failed: Only part of a ReadProcessMemory or WriteProcessMemory request was completed. (0x12B)
[1231/160027.750:ERROR:process_memory_win.cc(73)] ReadMemory at 0x2d13eaff9d0 of 712 bytes failed: Only part of a ReadProcessMemory or WriteProcessMemory request was completed. (0x12B)
[1231/160027.750:ERROR:process_memory_win.cc(73)] ReadMemory at 0x2d13eb03770 of 512 bytes failed: Only part of a ReadProcessMemory or WriteProcessMemory request was completed. (0x12B)
[1231/160027.750:ERROR:process_memory_win.cc(73)] ReadMemory at 0x2d13eb4dbf0 of 512 bytes failed: Only part of a ReadProcessMemory or WriteProcessMemory request was completed. (0x12B)
[1231/160027.750:ERROR:process_memory_win.cc(73)] ReadMemory at 0x2d13edd3cd0 of 512 bytes failed: Only part of a ReadProcessMemory or WriteProcessMemory request was completed. (0x12B)
[1231/160027.750:ERROR:process_memory_win.cc(73)] ReadMemory at 0x2d1409e6640 of 512 bytes failed: Only part of a ReadProcessMemory or WriteProcessMemory request was completed. (0x12B)
[1231/160027.750:ERROR:process_memory_win.cc(73)] ReadMemory at 0x2d1409f32d8 of 512 bytes failed: Only part of a ReadProcessMemory or WriteProcessMemory request was completed. (0x12B)
[1231/160027.750:ERROR:process_memory_win.cc(73)] ReadMemory at 0x2d1409f3e18 of 512 bytes failed: Only part of a ReadProcessMemory or WriteProcessMemory request was completed. (0x12B)
[1231/160027.750:ERROR:process_memory_win.cc(73)] ReadMemory at 0x2d1409f48c8 of 512 bytes failed: Only part of a ReadProcessMemory or WriteProcessMemory request was completed. (0x12B)
[1231/160027.750:ERROR:process_memory_win.cc(73)] ReadMemory at 0x2d140a21940 of 512 bytes failed: Only part of a ReadProcessMemory or WriteProcessMemory request was completed. (0x12B)
[1231/160027.751:ERROR:process_memory_win.cc(73)] ReadMemory at 0x2d140b18ef0 of 512 bytes failed: Only part of a ReadProcessMemory or WriteProcessMemory request was completed. (0x12B)
[1231/160027.752:ERROR:process_memory_win.cc(73)] ReadMemory at 0x2d140b40f10 of 528 bytes failed: Only part of a ReadProcessMemory or WriteProcessMemory request was completed. (0x12B)
[1231/160027.753:ERROR:process_memory_win.cc(73)] ReadMemory at 0x2d140b53bc8 of 512 bytes failed: Only part of a ReadProcessMemory or WriteProcessMemory request was completed. (0x12B)
[1231/160027.753:ERROR:process_memory_win.cc(73)] ReadMemory at 0x7ffbf895eeac of 512 bytes failed: Only part of a ReadProcessMemory or WriteProcessMemory request was completed. (0x12B)
[1231/160027.753:ERROR:process_memory_win.cc(73)] ReadMemory at 0x7ffbf90ce7b8 of 553 bytes failed: Only part of a ReadProcessMemory or WriteProcessMemory request was completed. (0x12B)
[1231/160027.753:ERROR:process_memory_win.cc(73)] ReadMemory at 0x7ffc5a89b6d0 of 512 bytes failed: Only part of a ReadProcessMemory or WriteProcessMemory request was completed. (0x12B)
[1231/160027.753:ERROR:process_memory_win.cc(73)] ReadMemory at 0x7ffc5d6bc0c4 of 672 bytes failed: Only part of a ReadProcessMemory or WriteProcessMemory request was completed. (0x12B)
[1231/160027.753:ERROR:process_memory_win.cc(73)] ReadMemory at 0x7ffc5d6bc6c4 of 512 bytes failed: Only part of a ReadProcessMemory or WriteProcessMemory request was completed. (0x12B)
[1231/160027.755:ERROR:process_memory_win.cc(73)] ReadMemory at 0x7ffc5d6bf974 of 608 bytes failed: Only part of a ReadProcessMemory or WriteProcessMemory request was completed. (0x12B)
[1231/160027.755:ERROR:process_memory_win.cc(73)] ReadMemory at 0x7ffc5d74c428 of 18 bytes failed: Only part of a ReadProcessMemory or WriteProcessMemory request was completed. (0x12B)
[1231/160027.755:ERROR:process_memory_win.cc(73)] ReadMemory at 0x7ffc5d77f4f8 of 40 bytes failed: Only part of a ReadProcessMemory or WriteProcessMemory request was completed. (0x12B)
[1231/160027.756:ERROR:process_memory_win.cc(73)] ReadMemory at 0x7ffc5d77f978 of 48 bytes failed: Only part of a ReadProcessMemory or WriteProcessMemory request was completed. (0x12B)
[1231/160027.756:ERROR:process_memory_win.cc(73)] ReadMemory at 0x7ffc5d7853c0 of 64 bytes failed: Only part of a ReadProcessMemory or WriteProcessMemory request was completed. (0x12B)
[1231/160027.758:ERROR:scoped_process_suspend.cc(40)] NtResumeProcess: An attempt was made to access an exiting process. (0xc000010a)
